2025-04-02 19:58:55,192 - INFO - Found plants: ['BAP', 'SECI-III', 'SEMLI', 'UTT1', 'UTT2']
2025-04-02 19:58:59,013 - INFO - Found plants: ['BAP', 'SECI-III', 'SEMLI', 'UTT1', 'UTT2']
2025-04-02 19:59:01,551 - INFO - Found plants: ['BAP', 'SECI-III', 'SEMLI', 'UTT1', 'UTT2']
2025-04-02 19:59:01,554 - INFO - Loading data for: ['BAP']
2025-04-02 19:59:01,556 - INFO - Querying: 'BAP' for 'BAP'
2025-04-02 19:59:01,575 - INFO - Read 465 rows from 'BAP'
2025-04-02 19:59:01,583 - INFO - Concatenating loaded dataframes.
2025-04-02 19:59:01,586 - INFO - Combined df shape: (465, 19)
2025-04-02 20:01:47,981 - INFO - Found plants: ['BAP', 'SECI-III', 'SEMLI', 'UTT1', 'UTT2']
2025-04-02 20:01:49,544 - INFO - Found plants: ['BAP', 'SECI-III', 'SEMLI', 'UTT1', 'UTT2']
2025-04-02 20:01:49,546 - INFO - Loading data for: ['BAP']
2025-04-02 20:01:49,547 - INFO - Querying: 'BAP' for 'BAP'
2025-04-02 20:01:49,558 - INFO - Read 465 rows from 'BAP'
2025-04-02 20:01:49,559 - INFO - Concatenating loaded dataframes.
2025-04-02 20:01:49,563 - INFO - Combined df shape: (465, 19)
2025-04-02 20:01:52,284 - INFO - Found plants: ['BAP', 'SECI-III', 'SEMLI', 'UTT1', 'UTT2']
2025-04-02 20:01:52,287 - INFO - Loading data for: ['BAP']
2025-04-02 20:01:52,289 - INFO - Querying: 'BAP' for 'BAP'
2025-04-02 20:01:52,307 - INFO - Read 465 rows from 'BAP'
2025-04-02 20:01:52,322 - INFO - Concatenating loaded dataframes.
2025-04-02 20:01:52,325 - INFO - Combined df shape: (465, 19)
2025-04-02 20:01:56,231 - INFO - Found plants: ['BAP', 'SECI-III', 'SEMLI', 'UTT1', 'UTT2']
2025-04-02 20:01:56,233 - INFO - Loading data for: ['BAP']
2025-04-02 20:01:56,234 - INFO - Querying: 'BAP' for 'BAP'
2025-04-02 20:01:56,247 - INFO - Read 465 rows from 'BAP'
2025-04-02 20:01:56,251 - INFO - Concatenating loaded dataframes.
2025-04-02 20:01:56,254 - INFO - Combined df shape: (465, 19)
2025-04-02 20:02:01,985 - INFO - Found plants: ['BAP', 'SECI-III', 'SEMLI', 'UTT1', 'UTT2']
2025-04-02 20:02:01,988 - INFO - Loading data for: ['BAP']
2025-04-02 20:02:01,989 - INFO - Querying: 'BAP' for 'BAP'
2025-04-02 20:02:02,003 - INFO - Read 465 rows from 'BAP'
2025-04-02 20:02:02,007 - INFO - Concatenating loaded dataframes.
2025-04-02 20:02:02,010 - INFO - Combined df shape: (465, 19)
2025-04-02 20:03:29,342 - INFO - Found plants: ['BAP', 'SECI-III', 'SEMLI', 'UTT1', 'UTT2']
2025-04-02 20:03:31,077 - INFO - Found plants: ['BAP', 'SECI-III', 'SEMLI', 'UTT1', 'UTT2']
2025-04-02 20:03:31,080 - INFO - Loading data for: ['BAP']
2025-04-02 20:03:31,081 - INFO - Querying: 'BAP' for 'BAP'
2025-04-02 20:03:31,098 - INFO - Read 465 rows from 'BAP'
2025-04-02 20:03:31,102 - INFO - Concatenating loaded dataframes.
2025-04-02 20:03:31,103 - INFO - Combined df shape: (465, 19)
2025-04-02 20:03:33,136 - INFO - Found plants: ['BAP', 'SECI-III', 'SEMLI', 'UTT1', 'UTT2']
2025-04-02 20:03:33,139 - INFO - Loading data for: ['BAP']
2025-04-02 20:03:33,141 - INFO - Querying: 'BAP' for 'BAP'
2025-04-02 20:03:33,155 - INFO - Read 465 rows from 'BAP'
2025-04-02 20:03:33,162 - INFO - Concatenating loaded dataframes.
2025-04-02 20:03:33,165 - INFO - Combined df shape: (465, 19)
2025-04-02 20:03:35,698 - INFO - Found plants: ['BAP', 'SECI-III', 'SEMLI', 'UTT1', 'UTT2']
2025-04-02 20:03:35,699 - INFO - Loading data for: ['BAP']
2025-04-02 20:03:35,700 - INFO - Querying: 'BAP' for 'BAP'
2025-04-02 20:03:35,706 - INFO - Read 465 rows from 'BAP'
2025-04-02 20:03:35,708 - INFO - Concatenating loaded dataframes.
2025-04-02 20:03:35,709 - INFO - Combined df shape: (465, 19)
2025-04-02 20:03:38,271 - INFO - Found plants: ['BAP', 'SECI-III', 'SEMLI', 'UTT1', 'UTT2']
2025-04-02 20:03:38,274 - INFO - Loading data for: ['BAP']
2025-04-02 20:03:38,275 - INFO - Querying: 'BAP' for 'BAP'
2025-04-02 20:03:38,288 - INFO - Read 465 rows from 'BAP'
2025-04-02 20:03:38,294 - INFO - Concatenating loaded dataframes.
2025-04-02 20:03:38,300 - INFO - Combined df shape: (465, 19)
2025-04-02 20:03:42,134 - INFO - Found plants: ['BAP', 'SECI-III', 'SEMLI', 'UTT1', 'UTT2']
2025-04-02 20:03:42,138 - INFO - Loading data for: ['BAP']
2025-04-02 20:03:42,140 - INFO - Querying: 'BAP' for 'BAP'
2025-04-02 20:03:42,160 - INFO - Read 465 rows from 'BAP'
2025-04-02 20:03:42,167 - INFO - Concatenating loaded dataframes.
2025-04-02 20:03:42,171 - INFO - Combined df shape: (465, 19)
2025-04-02 20:03:46,896 - INFO - Found plants: ['BAP', 'SECI-III', 'SEMLI', 'UTT1', 'UTT2']
2025-04-02 20:03:46,897 - INFO - Loading data for: ['BAP']
2025-04-02 20:03:46,898 - INFO - Querying: 'BAP' for 'BAP'
2025-04-02 20:03:46,904 - INFO - Read 465 rows from 'BAP'
2025-04-02 20:03:46,907 - INFO - Concatenating loaded dataframes.
2025-04-02 20:03:46,908 - INFO - Combined df shape: (465, 19)
2025-04-02 20:03:48,266 - INFO - Found plants: ['BAP', 'SECI-III', 'SEMLI', 'UTT1', 'UTT2']
2025-04-02 20:03:48,268 - INFO - Loading data for: ['BAP']
2025-04-02 20:03:48,269 - INFO - Querying: 'BAP' for 'BAP'
2025-04-02 20:03:48,278 - INFO - Read 465 rows from 'BAP'
2025-04-02 20:03:48,281 - INFO - Concatenating loaded dataframes.
2025-04-02 20:03:48,285 - INFO - Combined df shape: (465, 19)
2025-04-02 20:06:01,854 - INFO - Found plants: ['BAP', 'SECI-III', 'SEMLI', 'UTT1', 'UTT2']
2025-04-02 20:06:04,059 - INFO - Found plants: ['BAP', 'SECI-III', 'SEMLI', 'UTT1', 'UTT2']
2025-04-02 20:06:04,060 - INFO - Loading data for: ['BAP']
2025-04-02 20:06:04,060 - INFO - Querying: 'BAP' for 'BAP'
2025-04-02 20:06:04,066 - INFO - Read 465 rows from 'BAP'
2025-04-02 20:06:04,069 - INFO - Concatenating loaded dataframes.
2025-04-02 20:06:04,070 - INFO - Combined df shape: (465, 19)
2025-04-02 20:06:06,226 - INFO - Found plants: ['BAP', 'SECI-III', 'SEMLI', 'UTT1', 'UTT2']
2025-04-02 20:06:06,229 - INFO - Loading data for: ['BAP']
2025-04-02 20:06:06,231 - INFO - Querying: 'BAP' for 'BAP'
2025-04-02 20:06:06,249 - INFO - Read 465 rows from 'BAP'
2025-04-02 20:06:06,254 - INFO - Concatenating loaded dataframes.
2025-04-02 20:06:06,256 - INFO - Combined df shape: (465, 19)
2025-04-02 20:06:09,917 - INFO - Found plants: ['BAP', 'SECI-III', 'SEMLI', 'UTT1', 'UTT2']
2025-04-02 20:06:09,918 - INFO - Loading data for: ['BAP']
2025-04-02 20:06:09,919 - INFO - Querying: 'BAP' for 'BAP'
2025-04-02 20:06:09,925 - INFO - Read 465 rows from 'BAP'
2025-04-02 20:06:09,927 - INFO - Concatenating loaded dataframes.
2025-04-02 20:06:09,928 - INFO - Combined df shape: (465, 19)
2025-04-02 20:06:12,192 - INFO - Found plants: ['BAP', 'SECI-III', 'SEMLI', 'UTT1', 'UTT2']
2025-04-02 20:06:12,193 - INFO - Loading data for: ['BAP']
2025-04-02 20:06:12,194 - INFO - Querying: 'BAP' for 'BAP'
2025-04-02 20:06:12,202 - INFO - Read 465 rows from 'BAP'
2025-04-02 20:06:12,204 - INFO - Concatenating loaded dataframes.
2025-04-02 20:06:12,206 - INFO - Combined df shape: (465, 19)
2025-04-02 20:06:14,774 - INFO - Found plants: ['BAP', 'SECI-III', 'SEMLI', 'UTT1', 'UTT2']
2025-04-02 20:06:14,776 - INFO - Loading data for: ['BAP']
2025-04-02 20:06:14,777 - INFO - Querying: 'BAP' for 'BAP'
2025-04-02 20:06:14,790 - INFO - Read 465 rows from 'BAP'
2025-04-02 20:06:14,793 - INFO - Concatenating loaded dataframes.
2025-04-02 20:06:14,795 - INFO - Combined df shape: (465, 19)
2025-04-02 20:06:18,330 - INFO - Found plants: ['BAP', 'SECI-III', 'SEMLI', 'UTT1', 'UTT2']
2025-04-02 20:06:18,332 - INFO - Loading data for: ['BAP']
2025-04-02 20:06:18,333 - INFO - Querying: 'BAP' for 'BAP'
2025-04-02 20:06:18,340 - INFO - Read 465 rows from 'BAP'
2025-04-02 20:06:18,342 - INFO - Concatenating loaded dataframes.
2025-04-02 20:06:18,343 - INFO - Combined df shape: (465, 19)
2025-04-02 20:06:25,142 - INFO - Found plants: ['BAP', 'SECI-III', 'SEMLI', 'UTT1', 'UTT2']
2025-04-02 20:06:25,144 - INFO - Loading data for: ['BAP']
2025-04-02 20:06:25,146 - INFO - Querying: 'BAP' for 'BAP'
2025-04-02 20:06:25,163 - INFO - Read 465 rows from 'BAP'
2025-04-02 20:06:25,168 - INFO - Concatenating loaded dataframes.
2025-04-02 20:06:25,172 - INFO - Combined df shape: (465, 19)
2025-04-02 20:06:32,399 - INFO - Found plants: ['BAP', 'SECI-III', 'SEMLI', 'UTT1', 'UTT2']
2025-04-02 20:06:32,401 - INFO - Loading data for: ['BAP']
2025-04-02 20:06:32,403 - INFO - Querying: 'BAP' for 'BAP'
2025-04-02 20:06:32,420 - INFO - Read 465 rows from 'BAP'
2025-04-02 20:06:32,426 - INFO - Concatenating loaded dataframes.
2025-04-02 20:06:32,430 - INFO - Combined df shape: (465, 19)
2025-04-02 20:06:38,511 - INFO - Found plants: ['BAP', 'SECI-III', 'SEMLI', 'UTT1', 'UTT2']
2025-04-02 20:06:38,513 - INFO - Loading data for: ['BAP']
2025-04-02 20:06:38,514 - INFO - Querying: 'BAP' for 'BAP'
2025-04-02 20:06:38,532 - INFO - Read 465 rows from 'BAP'
2025-04-02 20:06:38,538 - INFO - Concatenating loaded dataframes.
2025-04-02 20:06:38,544 - INFO - Combined df shape: (465, 19)
2025-04-02 20:09:30,363 - INFO - Found plants: ['BAP', 'SECI-III', 'SEMLI', 'UTT1', 'UTT2']
2025-04-02 20:09:34,150 - INFO - Found plants: ['BAP', 'SECI-III', 'SEMLI', 'UTT1', 'UTT2']
2025-04-02 20:09:34,152 - INFO - Loading data for: ['BAP']
2025-04-02 20:09:34,153 - INFO - Querying: 'BAP' for 'BAP'
2025-04-02 20:09:34,167 - INFO - Read 465 rows from 'BAP'
2025-04-02 20:09:34,170 - INFO - Concatenating loaded dataframes.
2025-04-02 20:09:34,174 - INFO - Combined df shape: (465, 19)
2025-04-02 20:09:37,682 - INFO - Found plants: ['BAP', 'SECI-III', 'SEMLI', 'UTT1', 'UTT2']
2025-04-02 20:09:37,683 - INFO - Loading data for: ['BAP']
2025-04-02 20:09:37,684 - INFO - Querying: 'BAP' for 'BAP'
2025-04-02 20:09:37,696 - INFO - Read 465 rows from 'BAP'
2025-04-02 20:09:37,700 - INFO - Concatenating loaded dataframes.
2025-04-02 20:09:37,703 - INFO - Combined df shape: (465, 19)
2025-04-02 20:09:40,555 - INFO - Found plants: ['BAP', 'SECI-III', 'SEMLI', 'UTT1', 'UTT2']
2025-04-02 20:09:40,558 - INFO - Loading data for: ['BAP']
2025-04-02 20:09:40,559 - INFO - Querying: 'BAP' for 'BAP'
2025-04-02 20:09:40,574 - INFO - Read 465 rows from 'BAP'
2025-04-02 20:09:40,579 - INFO - Concatenating loaded dataframes.
2025-04-02 20:09:40,582 - INFO - Combined df shape: (465, 19)
2025-04-02 20:09:43,383 - INFO - Found plants: ['BAP', 'SECI-III', 'SEMLI', 'UTT1', 'UTT2']
2025-04-02 20:09:43,386 - INFO - Loading data for: ['BAP']
2025-04-02 20:09:43,387 - INFO - Querying: 'BAP' for 'BAP'
2025-04-02 20:09:43,402 - INFO - Read 465 rows from 'BAP'
2025-04-02 20:09:43,407 - INFO - Concatenating loaded dataframes.
2025-04-02 20:09:43,411 - INFO - Combined df shape: (465, 19)
2025-04-02 20:09:44,900 - INFO - Found plants: ['BAP', 'SECI-III', 'SEMLI', 'UTT1', 'UTT2']
2025-04-02 20:09:44,901 - INFO - Loading data for: ['BAP']
2025-04-02 20:09:44,903 - INFO - Querying: 'BAP' for 'BAP'
2025-04-02 20:09:44,914 - INFO - Read 465 rows from 'BAP'
2025-04-02 20:09:44,919 - INFO - Concatenating loaded dataframes.
2025-04-02 20:09:44,923 - INFO - Combined df shape: (465, 19)
2025-04-02 20:09:46,273 - INFO - Found plants: ['BAP', 'SECI-III', 'SEMLI', 'UTT1', 'UTT2']
2025-04-02 20:09:46,276 - INFO - Loading data for: ['BAP']
2025-04-02 20:09:46,278 - INFO - Querying: 'BAP' for 'BAP'
2025-04-02 20:09:46,292 - INFO - Read 465 rows from 'BAP'
2025-04-02 20:09:46,295 - INFO - Concatenating loaded dataframes.
2025-04-02 20:09:46,299 - INFO - Combined df shape: (465, 19)
2025-04-02 20:09:50,067 - INFO - Found plants: ['BAP', 'SECI-III', 'SEMLI', 'UTT1', 'UTT2']
2025-04-02 20:09:50,069 - INFO - Loading data for: ['BAP']
2025-04-02 20:09:50,071 - INFO - Querying: 'BAP' for 'BAP'
2025-04-02 20:09:50,089 - INFO - Read 465 rows from 'BAP'
2025-04-02 20:09:50,093 - INFO - Concatenating loaded dataframes.
2025-04-02 20:09:50,094 - INFO - Combined df shape: (465, 19)
2025-04-02 20:09:51,442 - INFO - Found plants: ['BAP', 'SECI-III', 'SEMLI', 'UTT1', 'UTT2']
2025-04-02 20:09:51,443 - INFO - Loading data for: ['BAP']
2025-04-02 20:09:51,445 - INFO - Querying: 'BAP' for 'BAP'
2025-04-02 20:09:51,456 - INFO - Read 465 rows from 'BAP'
2025-04-02 20:09:51,459 - INFO - Concatenating loaded dataframes.
2025-04-02 20:09:51,461 - INFO - Combined df shape: (465, 19)
2025-04-02 20:09:58,313 - INFO - Found plants: ['BAP', 'SECI-III', 'SEMLI', 'UTT1', 'UTT2']
2025-04-02 20:09:58,315 - INFO - Loading data for: ['BAP']
2025-04-02 20:09:58,317 - INFO - Querying: 'BAP' for 'BAP'
2025-04-02 20:09:58,338 - INFO - Read 465 rows from 'BAP'
2025-04-02 20:09:58,343 - INFO - Concatenating loaded dataframes.
2025-04-02 20:09:58,349 - INFO - Combined df shape: (465, 19)
2025-04-02 20:09:59,868 - INFO - Found plants: ['BAP', 'SECI-III', 'SEMLI', 'UTT1', 'UTT2']
2025-04-02 20:09:59,871 - INFO - Loading data for: ['BAP']
2025-04-02 20:09:59,872 - INFO - Querying: 'BAP' for 'BAP'
2025-04-02 20:09:59,887 - INFO - Read 465 rows from 'BAP'
2025-04-02 20:09:59,892 - INFO - Concatenating loaded dataframes.
2025-04-02 20:09:59,897 - INFO - Combined df shape: (465, 19)
2025-04-02 20:10:07,545 - INFO - Found plants: ['BAP', 'SECI-III', 'SEMLI', 'UTT1', 'UTT2']
2025-04-02 20:10:07,548 - INFO - Loading data for: ['BAP']
2025-04-02 20:10:07,550 - INFO - Querying: 'BAP' for 'BAP'
2025-04-02 20:10:07,567 - INFO - Read 465 rows from 'BAP'
2025-04-02 20:10:07,571 - INFO - Concatenating loaded dataframes.
2025-04-02 20:10:07,576 - INFO - Combined df shape: (465, 19)
2025-04-02 20:10:09,179 - INFO - Found plants: ['BAP', 'SECI-III', 'SEMLI', 'UTT1', 'UTT2']
2025-04-02 20:10:09,180 - INFO - Loading data for: ['BAP']
2025-04-02 20:10:09,180 - INFO - Querying: 'BAP' for 'BAP'
2025-04-02 20:10:09,187 - INFO - Read 465 rows from 'BAP'
2025-04-02 20:10:09,189 - INFO - Concatenating loaded dataframes.
2025-04-02 20:10:09,190 - INFO - Combined df shape: (465, 19)
2025-04-02 20:10:12,562 - INFO - Found plants: ['BAP', 'SECI-III', 'SEMLI', 'UTT1', 'UTT2']
2025-04-02 20:10:12,565 - INFO - Loading data for: ['BAP']
2025-04-02 20:10:12,567 - INFO - Querying: 'BAP' for 'BAP'
2025-04-02 20:10:12,585 - INFO - Read 465 rows from 'BAP'
2025-04-02 20:10:12,591 - INFO - Concatenating loaded dataframes.
2025-04-02 20:10:12,594 - INFO - Combined df shape: (465, 19)
2025-04-02 20:10:15,892 - INFO - Found plants: ['BAP', 'SECI-III', 'SEMLI', 'UTT1', 'UTT2']
2025-04-02 20:10:15,895 - INFO - Loading data for: ['BAP']
2025-04-02 20:10:15,897 - INFO - Querying: 'BAP' for 'BAP'
2025-04-02 20:10:15,918 - INFO - Read 465 rows from 'BAP'
2025-04-02 20:10:15,924 - INFO - Concatenating loaded dataframes.
2025-04-02 20:10:15,929 - INFO - Combined df shape: (465, 19)
2025-04-02 20:10:17,706 - INFO - Found plants: ['BAP', 'SECI-III', 'SEMLI', 'UTT1', 'UTT2']
2025-04-02 20:10:17,708 - INFO - Loading data for: ['BAP']
2025-04-02 20:10:17,710 - INFO - Querying: 'BAP' for 'BAP'
2025-04-02 20:10:17,732 - INFO - Read 465 rows from 'BAP'
2025-04-02 20:10:17,734 - INFO - Concatenating loaded dataframes.
2025-04-02 20:10:17,736 - INFO - Combined df shape: (465, 19)
2025-04-02 20:10:22,131 - INFO - Found plants: ['BAP', 'SECI-III', 'SEMLI', 'UTT1', 'UTT2']
2025-04-02 20:10:22,134 - INFO - Loading data for: ['BAP']
2025-04-02 20:10:22,135 - INFO - Querying: 'BAP' for 'BAP'
2025-04-02 20:10:22,148 - INFO - Read 465 rows from 'BAP'
2025-04-02 20:10:22,152 - INFO - Concatenating loaded dataframes.
2025-04-02 20:10:22,157 - INFO - Combined df shape: (465, 19)
2025-04-02 20:10:22,948 - INFO - Found plants: ['BAP', 'SECI-III', 'SEMLI', 'UTT1', 'UTT2']
2025-04-02 20:10:22,950 - INFO - Loading data for: ['BAP']
2025-04-02 20:10:22,952 - INFO - Querying: 'BAP' for 'BAP'
2025-04-02 20:10:22,963 - INFO - Read 465 rows from 'BAP'
2025-04-02 20:10:22,965 - INFO - Concatenating loaded dataframes.
2025-04-02 20:10:22,966 - INFO - Combined df shape: (465, 19)
2025-04-02 20:10:26,385 - INFO - Found plants: ['BAP', 'SECI-III', 'SEMLI', 'UTT1', 'UTT2']
2025-04-02 20:10:26,388 - INFO - Loading data for: ['BAP']
2025-04-02 20:10:26,390 - INFO - Querying: 'BAP' for 'BAP'
2025-04-02 20:10:26,409 - INFO - Read 465 rows from 'BAP'
2025-04-02 20:10:26,413 - INFO - Concatenating loaded dataframes.
2025-04-02 20:10:26,415 - INFO - Combined df shape: (465, 19)
2025-04-02 20:10:27,882 - INFO - Found plants: ['BAP', 'SECI-III', 'SEMLI', 'UTT1', 'UTT2']
2025-04-02 20:10:27,884 - INFO - Loading data for: ['BAP']
2025-04-02 20:10:27,886 - INFO - Querying: 'BAP' for 'BAP'
2025-04-02 20:10:27,898 - INFO - Read 465 rows from 'BAP'
2025-04-02 20:10:27,900 - INFO - Concatenating loaded dataframes.
2025-04-02 20:10:27,901 - INFO - Combined df shape: (465, 19)
2025-04-02 20:13:17,712 - INFO - Found plants: ['BAP', 'SECI-III', 'SEMLI', 'UTT1', 'UTT2']
2025-04-02 20:13:23,827 - INFO - Found plants: ['BAP', 'SECI-III', 'SEMLI', 'UTT1', 'UTT2']
2025-04-02 20:13:23,830 - INFO - Loading data for: ['BAP']
2025-04-02 20:13:23,832 - INFO - Querying: 'BAP' for 'BAP'
2025-04-02 20:13:23,846 - INFO - Read 465 rows from 'BAP'
2025-04-02 20:13:23,849 - INFO - Concatenating loaded dataframes.
2025-04-02 20:13:23,851 - INFO - Combined df shape: (465, 19)
2025-04-02 20:13:26,402 - INFO - Found plants: ['BAP', 'SECI-III', 'SEMLI', 'UTT1', 'UTT2']
2025-04-02 20:13:26,404 - INFO - Loading data for: ['BAP']
2025-04-02 20:13:26,407 - INFO - Querying: 'BAP' for 'BAP'
2025-04-02 20:13:26,427 - INFO - Read 465 rows from 'BAP'
2025-04-02 20:13:26,431 - INFO - Concatenating loaded dataframes.
2025-04-02 20:13:26,434 - INFO - Combined df shape: (465, 19)
2025-04-02 20:13:29,195 - INFO - Found plants: ['BAP', 'SECI-III', 'SEMLI', 'UTT1', 'UTT2']
2025-04-02 20:13:29,197 - INFO - Loading data for: ['BAP']
2025-04-02 20:13:29,199 - INFO - Querying: 'BAP' for 'BAP'
2025-04-02 20:13:29,215 - INFO - Read 465 rows from 'BAP'
2025-04-02 20:13:29,220 - INFO - Concatenating loaded dataframes.
2025-04-02 20:13:29,225 - INFO - Combined df shape: (465, 19)
2025-04-02 20:13:33,612 - INFO - Found plants: ['BAP', 'SECI-III', 'SEMLI', 'UTT1', 'UTT2']
2025-04-02 20:13:33,616 - INFO - Loading data for: ['BAP']
2025-04-02 20:13:33,618 - INFO - Querying: 'BAP' for 'BAP'
2025-04-02 20:13:33,637 - INFO - Read 465 rows from 'BAP'
2025-04-02 20:13:33,642 - INFO - Concatenating loaded dataframes.
2025-04-02 20:13:33,647 - INFO - Combined df shape: (465, 19)
2025-04-02 20:14:13,973 - INFO - Found plants: ['BAP', 'SECI-III', 'SEMLI', 'UTT1', 'UTT2']
2025-04-02 20:14:13,981 - INFO - Loading data for: ['BAP']
2025-04-02 20:14:13,982 - INFO - Querying: 'BAP' for 'BAP'
2025-04-02 20:14:14,008 - INFO - Read 465 rows from 'BAP'
2025-04-02 20:14:14,014 - INFO - Concatenating loaded dataframes.
2025-04-02 20:14:14,018 - INFO - Combined df shape: (465, 19)
2025-04-02 20:14:14,866 - INFO - Found plants: ['BAP', 'SECI-III', 'SEMLI', 'UTT1', 'UTT2']
2025-04-02 20:14:14,868 - INFO - Loading data for: ['BAP']
2025-04-02 20:14:14,870 - INFO - Querying: 'BAP' for 'BAP'
2025-04-02 20:14:14,898 - INFO - Read 465 rows from 'BAP'
2025-04-02 20:14:14,908 - INFO - Concatenating loaded dataframes.
2025-04-02 20:14:14,913 - INFO - Combined df shape: (465, 19)
2025-04-02 20:14:15,830 - INFO - Found plants: ['BAP', 'SECI-III', 'SEMLI', 'UTT1', 'UTT2']
2025-04-02 20:14:15,838 - INFO - Loading data for: ['BAP']
2025-04-02 20:14:15,846 - INFO - Querying: 'BAP' for 'BAP'
2025-04-02 20:14:15,946 - INFO - Read 465 rows from 'BAP'
2025-04-02 20:14:15,963 - INFO - Concatenating loaded dataframes.
2025-04-02 20:14:15,982 - INFO - Combined df shape: (465, 19)
2025-04-02 20:14:30,758 - INFO - Found plants: ['BAP', 'SECI-III', 'SEMLI', 'UTT1', 'UTT2']
2025-04-02 20:14:30,759 - INFO - Loading data for: ['BAP', 'SECI-III']
2025-04-02 20:14:30,761 - INFO - Querying: 'BAP' for 'BAP'
2025-04-02 20:14:30,781 - INFO - Read 465 rows from 'BAP'
2025-04-02 20:14:30,785 - INFO - Querying: 'SECI-III' for 'SECI-III'
2025-04-02 20:14:30,798 - INFO - Read 42 rows from 'SECI-III'
2025-04-02 20:14:30,801 - INFO - Concatenating loaded dataframes.
2025-04-02 20:14:30,816 - INFO - Combined df shape: (507, 27)
2025-04-02 20:14:37,274 - INFO - Found plants: ['BAP', 'SECI-III', 'SEMLI', 'UTT1', 'UTT2']
2025-04-02 20:14:37,275 - INFO - Loading data for: ['SECI-III']
2025-04-02 20:14:37,276 - INFO - Querying: 'SECI-III' for 'SECI-III'
2025-04-02 20:14:37,280 - INFO - Read 42 rows from 'SECI-III'
2025-04-02 20:14:37,282 - INFO - Concatenating loaded dataframes.
2025-04-02 20:14:37,290 - INFO - Combined df shape: (42, 20)
2025-04-02 20:14:40,035 - INFO - Found plants: ['BAP', 'SECI-III', 'SEMLI', 'UTT1', 'UTT2']
2025-04-02 20:14:40,037 - INFO - Loading data for: ['SECI-III']
2025-04-02 20:14:40,039 - INFO - Querying: 'SECI-III' for 'SECI-III'
2025-04-02 20:14:40,049 - INFO - Read 42 rows from 'SECI-III'
2025-04-02 20:14:40,052 - INFO - Concatenating loaded dataframes.
2025-04-02 20:14:40,056 - INFO - Combined df shape: (42, 20)
2025-04-02 20:14:42,395 - INFO - Found plants: ['BAP', 'SECI-III', 'SEMLI', 'UTT1', 'UTT2']
2025-04-02 20:14:42,396 - INFO - Loading data for: ['SECI-III']
2025-04-02 20:14:42,397 - INFO - Querying: 'SECI-III' for 'SECI-III'
2025-04-02 20:14:42,406 - INFO - Read 42 rows from 'SECI-III'
2025-04-02 20:14:42,410 - INFO - Concatenating loaded dataframes.
2025-04-02 20:14:42,413 - INFO - Combined df shape: (42, 20)
2025-04-02 20:14:45,849 - INFO - Found plants: ['BAP', 'SECI-III', 'SEMLI', 'UTT1', 'UTT2']
2025-04-02 20:14:45,853 - INFO - Loading data for: ['SECI-III', 'BAP']
2025-04-02 20:14:45,855 - INFO - Querying: 'SECI-III' for 'SECI-III'
2025-04-02 20:14:45,872 - INFO - Read 42 rows from 'SECI-III'
2025-04-02 20:14:45,875 - INFO - Querying: 'BAP' for 'BAP'
2025-04-02 20:14:45,883 - INFO - Read 465 rows from 'BAP'
2025-04-02 20:14:45,886 - INFO - Concatenating loaded dataframes.
2025-04-02 20:14:45,895 - INFO - Combined df shape: (507, 27)
2025-04-02 20:14:48,621 - INFO - Found plants: ['BAP', 'SECI-III', 'SEMLI', 'UTT1', 'UTT2']
2025-04-02 20:14:48,625 - INFO - Loading data for: ['SECI-III', 'BAP']
2025-04-02 20:14:48,627 - INFO - Querying: 'SECI-III' for 'SECI-III'
2025-04-02 20:14:48,644 - INFO - Read 42 rows from 'SECI-III'
2025-04-02 20:14:48,649 - INFO - Querying: 'BAP' for 'BAP'
2025-04-02 20:14:48,662 - INFO - Read 465 rows from 'BAP'
2025-04-02 20:14:48,664 - INFO - Concatenating loaded dataframes.
2025-04-02 20:14:48,670 - INFO - Combined df shape: (507, 27)
2025-04-02 20:14:50,675 - INFO - Found plants: ['BAP', 'SECI-III', 'SEMLI', 'UTT1', 'UTT2']
2025-04-02 20:14:50,678 - INFO - Loading data for: ['SECI-III', 'BAP']
2025-04-02 20:14:50,681 - INFO - Querying: 'SECI-III' for 'SECI-III'
2025-04-02 20:14:50,703 - INFO - Read 42 rows from 'SECI-III'
2025-04-02 20:14:50,710 - INFO - Querying: 'BAP' for 'BAP'
2025-04-02 20:14:50,728 - INFO - Read 465 rows from 'BAP'
2025-04-02 20:14:50,730 - INFO - Concatenating loaded dataframes.
2025-04-02 20:14:50,735 - INFO - Combined df shape: (507, 27)
2025-04-02 20:14:51,863 - INFO - Found plants: ['BAP', 'SECI-III', 'SEMLI', 'UTT1', 'UTT2']
2025-04-02 20:14:51,865 - INFO - Loading data for: ['SECI-III', 'BAP']
2025-04-02 20:14:51,867 - INFO - Querying: 'SECI-III' for 'SECI-III'
2025-04-02 20:14:51,877 - INFO - Read 42 rows from 'SECI-III'
2025-04-02 20:14:51,882 - INFO - Querying: 'BAP' for 'BAP'
2025-04-02 20:14:51,895 - INFO - Read 465 rows from 'BAP'
2025-04-02 20:14:51,897 - INFO - Concatenating loaded dataframes.
2025-04-02 20:14:51,903 - INFO - Combined df shape: (507, 27)
2025-04-02 20:14:53,892 - INFO - Found plants: ['BAP', 'SECI-III', 'SEMLI', 'UTT1', 'UTT2']
2025-04-02 20:14:53,895 - INFO - Loading data for: ['SECI-III', 'BAP']
2025-04-02 20:14:53,897 - INFO - Querying: 'SECI-III' for 'SECI-III'
2025-04-02 20:14:53,906 - INFO - Read 42 rows from 'SECI-III'
2025-04-02 20:14:53,911 - INFO - Querying: 'BAP' for 'BAP'
2025-04-02 20:14:53,923 - INFO - Read 465 rows from 'BAP'
2025-04-02 20:14:53,926 - INFO - Concatenating loaded dataframes.
2025-04-02 20:14:53,933 - INFO - Combined df shape: (507, 27)
2025-04-02 20:14:55,426 - INFO - Found plants: ['BAP', 'SECI-III', 'SEMLI', 'UTT1', 'UTT2']
2025-04-02 20:14:55,429 - INFO - Loading data for: ['SECI-III', 'BAP']
2025-04-02 20:14:55,431 - INFO - Querying: 'SECI-III' for 'SECI-III'
2025-04-02 20:14:55,444 - INFO - Read 42 rows from 'SECI-III'
2025-04-02 20:14:55,448 - INFO - Querying: 'BAP' for 'BAP'
2025-04-02 20:14:55,462 - INFO - Read 465 rows from 'BAP'
2025-04-02 20:14:55,465 - INFO - Concatenating loaded dataframes.
2025-04-02 20:14:55,472 - INFO - Combined df shape: (507, 27)
2025-04-02 20:14:56,418 - INFO - Found plants: ['BAP', 'SECI-III', 'SEMLI', 'UTT1', 'UTT2']
2025-04-02 20:14:56,422 - INFO - Loading data for: ['SECI-III', 'BAP']
2025-04-02 20:14:56,424 - INFO - Querying: 'SECI-III' for 'SECI-III'
2025-04-02 20:14:56,436 - INFO - Read 42 rows from 'SECI-III'
2025-04-02 20:14:56,442 - INFO - Querying: 'BAP' for 'BAP'
2025-04-02 20:14:56,468 - INFO - Read 465 rows from 'BAP'
2025-04-02 20:14:56,476 - INFO - Concatenating loaded dataframes.
2025-04-02 20:14:56,485 - INFO - Combined df shape: (507, 27)
2025-04-02 20:15:39,498 - INFO - Found plants: ['BAP', 'SECI-III', 'SEMLI', 'UTT1', 'UTT2']
2025-04-02 20:15:42,705 - INFO - Found plants: ['BAP', 'SECI-III', 'SEMLI', 'UTT1', 'UTT2']
2025-04-02 20:15:42,707 - INFO - Loading data for: ['BAP']
2025-04-02 20:15:42,708 - INFO - Querying: 'BAP' for 'BAP'
2025-04-02 20:15:42,714 - INFO - Read 465 rows from 'BAP'
2025-04-02 20:15:42,715 - INFO - Concatenating loaded dataframes.
2025-04-02 20:15:42,715 - INFO - Combined df shape: (465, 19)
2025-04-02 20:15:45,882 - INFO - Found plants: ['BAP', 'SECI-III', 'SEMLI', 'UTT1', 'UTT2']
2025-04-02 20:15:45,885 - INFO - Loading data for: ['BAP']
2025-04-02 20:15:45,886 - INFO - Querying: 'BAP' for 'BAP'
2025-04-02 20:15:45,895 - INFO - Read 465 rows from 'BAP'
2025-04-02 20:15:45,896 - INFO - Concatenating loaded dataframes.
2025-04-02 20:15:45,898 - INFO - Combined df shape: (465, 19)
2025-04-02 20:15:48,567 - INFO - Found plants: ['BAP', 'SECI-III', 'SEMLI', 'UTT1', 'UTT2']
2025-04-02 20:15:48,569 - INFO - Loading data for: ['BAP']
2025-04-02 20:15:48,572 - INFO - Querying: 'BAP' for 'BAP'
2025-04-02 20:15:48,581 - INFO - Read 465 rows from 'BAP'
2025-04-02 20:15:48,582 - INFO - Concatenating loaded dataframes.
2025-04-02 20:15:48,583 - INFO - Combined df shape: (465, 19)
2025-04-02 20:15:51,262 - INFO - Found plants: ['BAP', 'SECI-III', 'SEMLI', 'UTT1', 'UTT2']
2025-04-02 20:15:51,265 - INFO - Loading data for: ['BAP']
2025-04-02 20:15:51,267 - INFO - Querying: 'BAP' for 'BAP'
2025-04-02 20:15:51,286 - INFO - Read 465 rows from 'BAP'
2025-04-02 20:15:51,291 - INFO - Concatenating loaded dataframes.
2025-04-02 20:15:51,292 - INFO - Combined df shape: (465, 19)
2025-04-02 20:15:53,259 - INFO - Found plants: ['BAP', 'SECI-III', 'SEMLI', 'UTT1', 'UTT2']
2025-04-02 20:15:53,262 - INFO - Loading data for: ['BAP']
2025-04-02 20:15:53,263 - INFO - Querying: 'BAP' for 'BAP'
2025-04-02 20:15:53,281 - INFO - Read 465 rows from 'BAP'
2025-04-02 20:15:53,287 - INFO - Concatenating loaded dataframes.
2025-04-02 20:15:53,291 - INFO - Combined df shape: (465, 19)
2025-04-02 20:15:54,849 - INFO - Found plants: ['BAP', 'SECI-III', 'SEMLI', 'UTT1', 'UTT2']
2025-04-02 20:15:54,852 - INFO - Loading data for: ['BAP']
2025-04-02 20:15:54,853 - INFO - Querying: 'BAP' for 'BAP'
2025-04-02 20:15:54,863 - INFO - Read 465 rows from 'BAP'
2025-04-02 20:15:54,864 - INFO - Concatenating loaded dataframes.
2025-04-02 20:15:54,865 - INFO - Combined df shape: (465, 19)
2025-04-02 20:15:55,805 - INFO - Found plants: ['BAP', 'SECI-III', 'SEMLI', 'UTT1', 'UTT2']
2025-04-02 20:15:55,807 - INFO - Loading data for: ['BAP']
2025-04-02 20:15:55,809 - INFO - Querying: 'BAP' for 'BAP'
2025-04-02 20:15:55,818 - INFO - Read 465 rows from 'BAP'
2025-04-02 20:15:55,819 - INFO - Concatenating loaded dataframes.
2025-04-02 20:15:55,820 - INFO - Combined df shape: (465, 19)
2025-04-02 20:16:30,116 - INFO - Found plants: ['BAP', 'SECI-III', 'SEMLI', 'UTT1', 'UTT2']
2025-04-02 20:16:30,118 - INFO - Loading data for: ['BAP']
2025-04-02 20:16:30,119 - INFO - Querying: 'BAP' for 'BAP'
2025-04-02 20:16:30,133 - INFO - Read 465 rows from 'BAP'
2025-04-02 20:16:30,137 - INFO - Concatenating loaded dataframes.
2025-04-02 20:16:30,141 - INFO - Combined df shape: (465, 19)
2025-04-02 20:16:31,558 - INFO - Found plants: ['BAP', 'SECI-III', 'SEMLI', 'UTT1', 'UTT2']
2025-04-02 20:16:31,560 - INFO - Loading data for: ['BAP']
2025-04-02 20:16:31,561 - INFO - Querying: 'BAP' for 'BAP'
2025-04-02 20:16:31,570 - INFO - Read 465 rows from 'BAP'
2025-04-02 20:16:31,572 - INFO - Concatenating loaded dataframes.
2025-04-02 20:16:31,573 - INFO - Combined df shape: (465, 19)
2025-04-02 20:16:37,116 - INFO - Found plants: ['BAP', 'SECI-III', 'SEMLI', 'UTT1', 'UTT2']
2025-04-02 20:16:37,118 - INFO - Loading data for: ['BAP']
2025-04-02 20:16:37,120 - INFO - Querying: 'BAP' for 'BAP'
2025-04-02 20:16:37,135 - INFO - Read 465 rows from 'BAP'
2025-04-02 20:16:37,140 - INFO - Concatenating loaded dataframes.
2025-04-02 20:16:37,147 - INFO - Combined df shape: (465, 19)
2025-04-02 20:16:38,528 - INFO - Found plants: ['BAP', 'SECI-III', 'SEMLI', 'UTT1', 'UTT2']
2025-04-02 20:16:38,530 - INFO - Loading data for: ['BAP']
2025-04-02 20:16:38,532 - INFO - Querying: 'BAP' for 'BAP'
2025-04-02 20:16:38,554 - INFO - Read 465 rows from 'BAP'
2025-04-02 20:16:38,560 - INFO - Concatenating loaded dataframes.
2025-04-02 20:16:38,564 - INFO - Combined df shape: (465, 19)
2025-04-02 20:16:41,497 - INFO - Found plants: ['BAP', 'SECI-III', 'SEMLI', 'UTT1', 'UTT2']
2025-04-02 20:16:41,500 - INFO - Loading data for: ['BAP']
2025-04-02 20:16:41,501 - INFO - Querying: 'BAP' for 'BAP'
2025-04-02 20:16:41,512 - INFO - Read 465 rows from 'BAP'
2025-04-02 20:16:41,514 - INFO - Concatenating loaded dataframes.
2025-04-02 20:16:41,516 - INFO - Combined df shape: (465, 19)
2025-04-02 20:16:42,193 - INFO - Found plants: ['BAP', 'SECI-III', 'SEMLI', 'UTT1', 'UTT2']
2025-04-02 20:16:42,196 - INFO - Loading data for: ['BAP']
2025-04-02 20:16:42,197 - INFO - Querying: 'BAP' for 'BAP'
2025-04-02 20:16:42,218 - INFO - Read 465 rows from 'BAP'
2025-04-02 20:16:42,224 - INFO - Concatenating loaded dataframes.
2025-04-02 20:16:42,226 - INFO - Combined df shape: (465, 19)
2025-04-02 20:16:49,149 - INFO - Found plants: ['BAP', 'SECI-III', 'SEMLI', 'UTT1', 'UTT2']
2025-04-02 20:16:49,152 - INFO - Loading data for: ['BAP']
2025-04-02 20:16:49,153 - INFO - Querying: 'BAP' for 'BAP'
2025-04-02 20:16:49,169 - INFO - Read 465 rows from 'BAP'
2025-04-02 20:16:49,174 - INFO - Concatenating loaded dataframes.
2025-04-02 20:16:49,175 - INFO - Combined df shape: (465, 19)
2025-04-02 20:16:50,384 - INFO - Found plants: ['BAP', 'SECI-III', 'SEMLI', 'UTT1', 'UTT2']
2025-04-02 20:16:50,387 - INFO - Loading data for: ['BAP']
2025-04-02 20:16:50,389 - INFO - Querying: 'BAP' for 'BAP'
2025-04-02 20:16:50,407 - INFO - Read 465 rows from 'BAP'
2025-04-02 20:16:50,410 - INFO - Concatenating loaded dataframes.
2025-04-02 20:16:50,412 - INFO - Combined df shape: (465, 19)
2025-04-02 20:17:00,094 - INFO - Found plants: ['BAP', 'SECI-III', 'SEMLI', 'UTT1', 'UTT2']
2025-04-02 20:17:00,097 - INFO - Loading data for: ['BAP']
2025-04-02 20:17:00,100 - INFO - Querying: 'BAP' for 'BAP'
2025-04-02 20:17:00,118 - INFO - Read 465 rows from 'BAP'
2025-04-02 20:17:00,122 - INFO - Concatenating loaded dataframes.
2025-04-02 20:17:00,123 - INFO - Combined df shape: (465, 19)
2025-04-02 20:17:01,483 - INFO - Found plants: ['BAP', 'SECI-III', 'SEMLI', 'UTT1', 'UTT2']
2025-04-02 20:17:01,485 - INFO - Loading data for: ['BAP']
2025-04-02 20:17:01,487 - INFO - Querying: 'BAP' for 'BAP'
2025-04-02 20:17:01,503 - INFO - Read 465 rows from 'BAP'
2025-04-02 20:17:01,509 - INFO - Concatenating loaded dataframes.
2025-04-02 20:17:01,515 - INFO - Combined df shape: (465, 19)
2025-04-02 20:17:11,350 - INFO - Found plants: ['BAP', 'SECI-III', 'SEMLI', 'UTT1', 'UTT2']
2025-04-02 20:17:11,352 - INFO - Loading data for: ['BAP']
2025-04-02 20:17:11,354 - INFO - Querying: 'BAP' for 'BAP'
2025-04-02 20:17:11,366 - INFO - Read 465 rows from 'BAP'
2025-04-02 20:17:11,371 - INFO - Concatenating loaded dataframes.
2025-04-02 20:17:11,373 - INFO - Combined df shape: (465, 19)
2025-04-02 20:17:12,033 - INFO - Found plants: ['BAP', 'SECI-III', 'SEMLI', 'UTT1', 'UTT2']
2025-04-02 20:17:12,036 - INFO - Loading data for: ['BAP']
2025-04-02 20:17:12,038 - INFO - Querying: 'BAP' for 'BAP'
2025-04-02 20:17:12,049 - INFO - Read 465 rows from 'BAP'
2025-04-02 20:17:12,050 - INFO - Concatenating loaded dataframes.
2025-04-02 20:17:12,052 - INFO - Combined df shape: (465, 19)
2025-04-02 20:17:24,972 - INFO - Found plants: ['BAP', 'SECI-III', 'SEMLI', 'UTT1', 'UTT2']
2025-04-02 20:17:24,975 - INFO - Loading data for: ['BAP']
2025-04-02 20:17:24,977 - INFO - Querying: 'BAP' for 'BAP'
2025-04-02 20:17:24,989 - INFO - Read 465 rows from 'BAP'
2025-04-02 20:17:24,991 - INFO - Concatenating loaded dataframes.
2025-04-02 20:17:24,993 - INFO - Combined df shape: (465, 19)
2025-04-02 20:17:25,833 - INFO - Found plants: ['BAP', 'SECI-III', 'SEMLI', 'UTT1', 'UTT2']
2025-04-02 20:17:25,836 - INFO - Loading data for: ['BAP']
2025-04-02 20:17:25,838 - INFO - Querying: 'BAP' for 'BAP'
2025-04-02 20:17:25,860 - INFO - Read 465 rows from 'BAP'
2025-04-02 20:17:25,868 - INFO - Concatenating loaded dataframes.
2025-04-02 20:17:25,874 - INFO - Combined df shape: (465, 19)
2025-04-02 20:19:14,032 - INFO - Found plants: ['BAP', 'SECI-III', 'SEMLI', 'UTT1', 'UTT2']
2025-04-02 20:19:14,034 - INFO - Loading data for: ['BAP']
2025-04-02 20:19:14,035 - INFO - Querying: 'BAP' for 'BAP'
2025-04-02 20:19:14,049 - INFO - Read 465 rows from 'BAP'
2025-04-02 20:19:14,053 - INFO - Concatenating loaded dataframes.
2025-04-02 20:19:14,056 - INFO - Combined df shape: (465, 19)
2025-04-02 20:19:16,863 - INFO - Found plants: ['BAP', 'SECI-III', 'SEMLI', 'UTT1', 'UTT2']
2025-04-02 20:19:16,865 - INFO - Loading data for: ['BAP']
2025-04-02 20:19:16,867 - INFO - Querying: 'BAP' for 'BAP'
2025-04-02 20:19:16,886 - INFO - Read 465 rows from 'BAP'
2025-04-02 20:19:16,890 - INFO - Concatenating loaded dataframes.
2025-04-02 20:19:16,894 - INFO - Combined df shape: (465, 19)
2025-04-02 20:20:09,262 - INFO - Found plants: ['BAP', 'SECI-III', 'SEMLI', 'UTT1', 'UTT2']
2025-04-02 20:20:12,669 - INFO - Found plants: ['BAP', 'SECI-III', 'SEMLI', 'UTT1', 'UTT2']
2025-04-02 20:20:12,671 - INFO - Loading data for: ['BAP']
2025-04-02 20:20:12,673 - INFO - Querying: 'BAP' for 'BAP'
2025-04-02 20:20:12,685 - INFO - Read 465 rows from 'BAP'
2025-04-02 20:20:12,690 - INFO - Concatenating loaded dataframes.
2025-04-02 20:20:12,693 - INFO - Combined df shape: (465, 19)
2025-04-02 20:20:15,301 - INFO - Found plants: ['BAP', 'SECI-III', 'SEMLI', 'UTT1', 'UTT2']
2025-04-02 20:20:15,302 - INFO - Loading data for: ['BAP']
2025-04-02 20:20:15,302 - INFO - Querying: 'BAP' for 'BAP'
2025-04-02 20:20:15,313 - INFO - Read 465 rows from 'BAP'
2025-04-02 20:20:15,317 - INFO - Concatenating loaded dataframes.
2025-04-02 20:20:15,319 - INFO - Combined df shape: (465, 19)
2025-04-02 20:20:18,024 - INFO - Found plants: ['BAP', 'SECI-III', 'SEMLI', 'UTT1', 'UTT2']
2025-04-02 20:20:18,027 - INFO - Loading data for: ['BAP']
2025-04-02 20:20:18,031 - INFO - Querying: 'BAP' for 'BAP'
2025-04-02 20:20:18,047 - INFO - Read 465 rows from 'BAP'
2025-04-02 20:20:18,050 - INFO - Concatenating loaded dataframes.
2025-04-02 20:20:18,052 - INFO - Combined df shape: (465, 19)
2025-04-02 20:20:19,721 - INFO - Found plants: ['BAP', 'SECI-III', 'SEMLI', 'UTT1', 'UTT2']
2025-04-02 20:20:19,723 - INFO - Loading data for: ['BAP']
2025-04-02 20:20:19,724 - INFO - Querying: 'BAP' for 'BAP'
2025-04-02 20:20:19,732 - INFO - Read 465 rows from 'BAP'
2025-04-02 20:20:19,733 - INFO - Concatenating loaded dataframes.
2025-04-02 20:20:19,734 - INFO - Combined df shape: (465, 19)
2025-04-02 20:20:25,160 - INFO - Found plants: ['BAP', 'SECI-III', 'SEMLI', 'UTT1', 'UTT2']
2025-04-02 20:20:25,163 - INFO - Loading data for: ['BAP']
2025-04-02 20:20:25,165 - INFO - Querying: 'BAP' for 'BAP'
2025-04-02 20:20:25,183 - INFO - Read 465 rows from 'BAP'
2025-04-02 20:20:25,188 - INFO - Concatenating loaded dataframes.
2025-04-02 20:20:25,195 - INFO - Combined df shape: (465, 19)
2025-04-02 20:20:26,335 - INFO - Found plants: ['BAP', 'SECI-III', 'SEMLI', 'UTT1', 'UTT2']
2025-04-02 20:20:26,337 - INFO - Loading data for: ['BAP']
2025-04-02 20:20:26,338 - INFO - Querying: 'BAP' for 'BAP'
2025-04-02 20:20:26,346 - INFO - Read 465 rows from 'BAP'
2025-04-02 20:20:26,348 - INFO - Concatenating loaded dataframes.
2025-04-02 20:20:26,349 - INFO - Combined df shape: (465, 19)
2025-04-02 20:20:29,686 - INFO - Found plants: ['BAP', 'SECI-III', 'SEMLI', 'UTT1', 'UTT2']
2025-04-02 20:20:29,687 - INFO - Loading data for: ['BAP']
2025-04-02 20:20:29,689 - INFO - Querying: 'BAP' for 'BAP'
2025-04-02 20:20:29,698 - INFO - Read 465 rows from 'BAP'
2025-04-02 20:20:29,700 - INFO - Concatenating loaded dataframes.
2025-04-02 20:20:29,702 - INFO - Combined df shape: (465, 19)
2025-04-02 20:20:30,749 - INFO - Found plants: ['BAP', 'SECI-III', 'SEMLI', 'UTT1', 'UTT2']
2025-04-02 20:20:30,752 - INFO - Loading data for: ['BAP']
2025-04-02 20:20:30,754 - INFO - Querying: 'BAP' for 'BAP'
2025-04-02 20:20:30,770 - INFO - Read 465 rows from 'BAP'
2025-04-02 20:20:30,774 - INFO - Concatenating loaded dataframes.
2025-04-02 20:20:30,777 - INFO - Combined df shape: (465, 19)
2025-04-02 20:20:32,325 - INFO - Found plants: ['BAP', 'SECI-III', 'SEMLI', 'UTT1', 'UTT2']
2025-04-02 20:20:32,328 - INFO - Loading data for: ['BAP']
2025-04-02 20:20:32,330 - INFO - Querying: 'BAP' for 'BAP'
2025-04-02 20:20:32,342 - INFO - Read 465 rows from 'BAP'
2025-04-02 20:20:32,345 - INFO - Concatenating loaded dataframes.
2025-04-02 20:20:32,346 - INFO - Combined df shape: (465, 19)
2025-04-02 20:20:33,009 - INFO - Found plants: ['BAP', 'SECI-III', 'SEMLI', 'UTT1', 'UTT2']
2025-04-02 20:20:33,010 - INFO - Loading data for: ['BAP']
2025-04-02 20:20:33,010 - INFO - Querying: 'BAP' for 'BAP'
2025-04-02 20:20:33,016 - INFO - Read 465 rows from 'BAP'
2025-04-02 20:20:33,019 - INFO - Concatenating loaded dataframes.
2025-04-02 20:20:33,022 - INFO - Combined df shape: (465, 19)
2025-04-02 20:22:21,244 - INFO - Found plants: ['BAP', 'SECI-III', 'SEMLI', 'UTT1', 'UTT2']
2025-04-02 20:22:23,608 - INFO - Found plants: ['BAP', 'SECI-III', 'SEMLI', 'UTT1', 'UTT2']
2025-04-02 20:22:23,610 - INFO - Loading data for: ['BAP']
2025-04-02 20:22:23,611 - INFO - Querying: 'BAP' for 'BAP'
2025-04-02 20:22:23,621 - INFO - Read 465 rows from 'BAP'
2025-04-02 20:22:23,622 - INFO - Concatenating loaded dataframes.
2025-04-02 20:22:23,623 - INFO - Combined df shape: (465, 19)
2025-04-02 20:22:25,665 - INFO - Found plants: ['BAP', 'SECI-III', 'SEMLI', 'UTT1', 'UTT2']
2025-04-02 20:22:25,667 - INFO - Loading data for: ['BAP']
2025-04-02 20:22:25,668 - INFO - Querying: 'BAP' for 'BAP'
2025-04-02 20:22:25,675 - INFO - Read 465 rows from 'BAP'
2025-04-02 20:22:25,677 - INFO - Concatenating loaded dataframes.
2025-04-02 20:22:25,678 - INFO - Combined df shape: (465, 19)
2025-04-02 20:22:27,049 - INFO - Found plants: ['BAP', 'SECI-III', 'SEMLI', 'UTT1', 'UTT2']
2025-04-02 20:22:27,053 - INFO - Loading data for: ['BAP']
2025-04-02 20:22:27,056 - INFO - Querying: 'BAP' for 'BAP'
2025-04-02 20:22:27,076 - INFO - Read 465 rows from 'BAP'
2025-04-02 20:22:27,082 - INFO - Concatenating loaded dataframes.
2025-04-02 20:22:27,087 - INFO - Combined df shape: (465, 19)
2025-04-02 20:22:29,570 - INFO - Found plants: ['BAP', 'SECI-III', 'SEMLI', 'UTT1', 'UTT2']
2025-04-02 20:22:29,571 - INFO - Loading data for: ['BAP']
2025-04-02 20:22:29,571 - INFO - Querying: 'BAP' for 'BAP'
2025-04-02 20:22:29,577 - INFO - Read 465 rows from 'BAP'
2025-04-02 20:22:29,579 - INFO - Concatenating loaded dataframes.
2025-04-02 20:22:29,580 - INFO - Combined df shape: (465, 19)
2025-04-02 20:22:31,782 - INFO - Found plants: ['BAP', 'SECI-III', 'SEMLI', 'UTT1', 'UTT2']
2025-04-02 20:22:31,785 - INFO - Loading data for: ['BAP']
2025-04-02 20:22:31,787 - INFO - Querying: 'BAP' for 'BAP'
2025-04-02 20:22:31,799 - INFO - Read 465 rows from 'BAP'
2025-04-02 20:22:31,802 - INFO - Concatenating loaded dataframes.
2025-04-02 20:22:31,804 - INFO - Combined df shape: (465, 19)
2025-04-02 20:22:34,317 - INFO - Found plants: ['BAP', 'SECI-III', 'SEMLI', 'UTT1', 'UTT2']
2025-04-02 20:22:34,318 - INFO - Loading data for: ['BAP']
2025-04-02 20:22:34,319 - INFO - Querying: 'BAP' for 'BAP'
2025-04-02 20:22:34,325 - INFO - Read 465 rows from 'BAP'
2025-04-02 20:22:34,329 - INFO - Concatenating loaded dataframes.
2025-04-02 20:22:34,331 - INFO - Combined df shape: (465, 19)
2025-04-02 20:24:19,092 - INFO - Found plants: ['BAP', 'SECI-III', 'SEMLI', 'UTT1', 'UTT2']
2025-04-02 20:24:20,805 - INFO - Found plants: ['BAP', 'SECI-III', 'SEMLI', 'UTT1', 'UTT2']
2025-04-02 20:24:20,807 - INFO - Loading data for: ['BAP']
2025-04-02 20:24:20,808 - INFO - Querying: 'BAP' for 'BAP'
2025-04-02 20:24:20,816 - INFO - Read 465 rows from 'BAP'
2025-04-02 20:24:20,818 - INFO - Concatenating loaded dataframes.
2025-04-02 20:24:20,818 - INFO - Combined df shape: (465, 19)
2025-04-02 20:24:22,527 - INFO - Found plants: ['BAP', 'SECI-III', 'SEMLI', 'UTT1', 'UTT2']
2025-04-02 20:24:22,528 - INFO - Loading data for: ['BAP']
2025-04-02 20:24:22,531 - INFO - Querying: 'BAP' for 'BAP'
2025-04-02 20:24:22,541 - INFO - Read 465 rows from 'BAP'
2025-04-02 20:24:22,546 - INFO - Concatenating loaded dataframes.
2025-04-02 20:24:22,548 - INFO - Combined df shape: (465, 19)
2025-04-02 20:24:25,495 - INFO - Found plants: ['BAP', 'SECI-III', 'SEMLI', 'UTT1', 'UTT2']
2025-04-02 20:24:25,498 - INFO - Loading data for: ['BAP']
2025-04-02 20:24:25,500 - INFO - Querying: 'BAP' for 'BAP'
2025-04-02 20:24:25,519 - INFO - Read 465 rows from 'BAP'
2025-04-02 20:24:25,525 - INFO - Concatenating loaded dataframes.
2025-04-02 20:24:25,528 - INFO - Combined df shape: (465, 19)
2025-04-02 20:24:28,803 - INFO - Found plants: ['BAP', 'SECI-III', 'SEMLI', 'UTT1', 'UTT2']
2025-04-02 20:24:28,805 - INFO - Loading data for: ['BAP']
2025-04-02 20:24:28,807 - INFO - Querying: 'BAP' for 'BAP'
2025-04-02 20:24:28,818 - INFO - Read 465 rows from 'BAP'
2025-04-02 20:24:28,821 - INFO - Concatenating loaded dataframes.
2025-04-02 20:24:28,823 - INFO - Combined df shape: (465, 19)
2025-04-02 20:24:33,562 - INFO - Found plants: ['BAP', 'SECI-III', 'SEMLI', 'UTT1', 'UTT2']
2025-04-02 20:24:33,564 - INFO - Loading data for: ['BAP']
2025-04-02 20:24:33,564 - INFO - Querying: 'BAP' for 'BAP'
2025-04-02 20:24:33,571 - INFO - Read 465 rows from 'BAP'
2025-04-02 20:24:33,574 - INFO - Concatenating loaded dataframes.
2025-04-02 20:24:33,575 - INFO - Combined df shape: (465, 19)
2025-04-02 20:24:35,841 - INFO - Found plants: ['BAP', 'SECI-III', 'SEMLI', 'UTT1', 'UTT2']
2025-04-02 20:24:35,842 - INFO - Loading data for: ['BAP']
2025-04-02 20:24:35,843 - INFO - Querying: 'BAP' for 'BAP'
2025-04-02 20:24:35,855 - INFO - Read 465 rows from 'BAP'
2025-04-02 20:24:35,858 - INFO - Concatenating loaded dataframes.
2025-04-02 20:24:35,861 - INFO - Combined df shape: (465, 19)
2025-04-02 20:26:14,872 - INFO - Found plants: ['BAP', 'SECI-III', 'SEMLI', 'UTT1', 'UTT2']
2025-04-02 20:26:16,852 - INFO - Found plants: ['BAP', 'SECI-III', 'SEMLI', 'UTT1', 'UTT2']
2025-04-02 20:26:16,854 - INFO - Loading data for: ['BAP']
2025-04-02 20:26:16,855 - INFO - Querying: 'BAP' for 'BAP'
2025-04-02 20:26:16,862 - INFO - Read 465 rows from 'BAP'
2025-04-02 20:26:16,864 - INFO - Concatenating loaded dataframes.
2025-04-02 20:26:16,866 - INFO - Combined df shape: (465, 19)
2025-04-02 20:26:18,281 - INFO - Found plants: ['BAP', 'SECI-III', 'SEMLI', 'UTT1', 'UTT2']
2025-04-02 20:26:18,282 - INFO - Loading data for: ['BAP']
2025-04-02 20:26:18,282 - INFO - Querying: 'BAP' for 'BAP'
2025-04-02 20:26:18,287 - INFO - Read 465 rows from 'BAP'
2025-04-02 20:26:18,288 - INFO - Concatenating loaded dataframes.
2025-04-02 20:26:18,289 - INFO - Combined df shape: (465, 19)
2025-04-02 20:26:18,828 - INFO - Found plants: ['BAP', 'SECI-III', 'SEMLI', 'UTT1', 'UTT2']
2025-04-02 20:26:18,830 - INFO - Loading data for: ['BAP']
2025-04-02 20:26:18,832 - INFO - Querying: 'BAP' for 'BAP'
2025-04-02 20:26:18,846 - INFO - Read 465 rows from 'BAP'
2025-04-02 20:26:18,852 - INFO - Concatenating loaded dataframes.
2025-04-02 20:26:18,856 - INFO - Combined df shape: (465, 19)
2025-04-02 20:26:23,471 - INFO - Found plants: ['BAP', 'SECI-III', 'SEMLI', 'UTT1', 'UTT2']
2025-04-02 20:26:23,475 - INFO - Loading data for: ['BAP']
2025-04-02 20:26:23,477 - INFO - Querying: 'BAP' for 'BAP'
2025-04-02 20:26:23,497 - INFO - Read 465 rows from 'BAP'
2025-04-02 20:26:23,502 - INFO - Concatenating loaded dataframes.
2025-04-02 20:26:23,505 - INFO - Combined df shape: (465, 19)
2025-04-02 20:26:25,445 - INFO - Found plants: ['BAP', 'SECI-III', 'SEMLI', 'UTT1', 'UTT2']
2025-04-02 20:26:25,448 - INFO - Loading data for: ['BAP']
2025-04-02 20:26:25,449 - INFO - Querying: 'BAP' for 'BAP'
2025-04-02 20:26:25,458 - INFO - Read 465 rows from 'BAP'
2025-04-02 20:26:25,459 - INFO - Concatenating loaded dataframes.
2025-04-02 20:26:25,461 - INFO - Combined df shape: (465, 19)
2025-04-02 20:26:27,727 - INFO - Found plants: ['BAP', 'SECI-III', 'SEMLI', 'UTT1', 'UTT2']
2025-04-02 20:26:27,729 - INFO - Loading data for: ['BAP']
2025-04-02 20:26:27,731 - INFO - Querying: 'BAP' for 'BAP'
2025-04-02 20:26:27,745 - INFO - Read 465 rows from 'BAP'
2025-04-02 20:26:27,747 - INFO - Concatenating loaded dataframes.
2025-04-02 20:26:27,748 - INFO - Combined df shape: (465, 19)
2025-04-02 20:27:27,614 - INFO - Found plants: ['BAP', 'SECI-III', 'SEMLI', 'UTT1', 'UTT2']
2025-04-02 20:27:27,617 - INFO - Loading data for: ['BAP']
2025-04-02 20:27:27,619 - INFO - Querying: 'BAP' for 'BAP'
2025-04-02 20:27:27,641 - INFO - Read 465 rows from 'BAP'
2025-04-02 20:27:27,653 - INFO - Concatenating loaded dataframes.
2025-04-02 20:27:27,662 - INFO - Combined df shape: (465, 19)
2025-04-02 20:27:28,276 - INFO - Found plants: ['BAP', 'SECI-III', 'SEMLI', 'UTT1', 'UTT2']
2025-04-02 20:27:28,283 - INFO - Loading data for: ['BAP']
2025-04-02 20:27:28,287 - INFO - Querying: 'BAP' for 'BAP'
2025-04-02 20:27:28,305 - INFO - Read 465 rows from 'BAP'
2025-04-02 20:27:28,309 - INFO - Concatenating loaded dataframes.
2025-04-02 20:27:28,312 - INFO - Combined df shape: (465, 19)
2025-04-02 20:27:43,571 - INFO - Found plants: ['BAP', 'SECI-III', 'SEMLI', 'UTT1', 'UTT2']
2025-04-02 20:27:43,573 - INFO - Loading data for: ['BAP']
2025-04-02 20:27:43,575 - INFO - Querying: 'BAP' for 'BAP'
2025-04-02 20:27:43,592 - INFO - Read 465 rows from 'BAP'
2025-04-02 20:27:43,599 - INFO - Concatenating loaded dataframes.
2025-04-02 20:27:43,604 - INFO - Combined df shape: (465, 19)
2025-04-02 20:27:45,955 - INFO - Found plants: ['BAP', 'SECI-III', 'SEMLI', 'UTT1', 'UTT2']
2025-04-02 20:27:45,956 - INFO - Loading data for: ['BAP']
2025-04-02 20:27:45,956 - INFO - Querying: 'BAP' for 'BAP'
2025-04-02 20:27:45,963 - INFO - Read 465 rows from 'BAP'
2025-04-02 20:27:45,966 - INFO - Concatenating loaded dataframes.
2025-04-02 20:27:45,967 - INFO - Combined df shape: (465, 19)
2025-04-02 20:27:47,140 - INFO - Found plants: ['BAP', 'SECI-III', 'SEMLI', 'UTT1', 'UTT2']
2025-04-02 20:27:47,140 - INFO - Loading data for: ['BAP']
2025-04-02 20:27:47,141 - INFO - Querying: 'BAP' for 'BAP'
2025-04-02 20:27:47,148 - INFO - Read 465 rows from 'BAP'
2025-04-02 20:27:47,150 - INFO - Concatenating loaded dataframes.
2025-04-02 20:27:47,151 - INFO - Combined df shape: (465, 19)
2025-04-02 20:28:14,379 - INFO - Found plants: ['BAP', 'SECI-III', 'SEMLI', 'UTT1', 'UTT2']
2025-04-02 20:28:16,620 - INFO - Found plants: ['BAP', 'SECI-III', 'SEMLI', 'UTT1', 'UTT2']
2025-04-02 20:28:16,622 - INFO - Loading data for: ['BAP']
2025-04-02 20:28:16,624 - INFO - Querying: 'BAP' for 'BAP'
2025-04-02 20:28:16,642 - INFO - Read 465 rows from 'BAP'
2025-04-02 20:28:16,647 - INFO - Concatenating loaded dataframes.
2025-04-02 20:28:16,651 - INFO - Combined df shape: (465, 19)
2025-04-02 20:28:18,508 - INFO - Found plants: ['BAP', 'SECI-III', 'SEMLI', 'UTT1', 'UTT2']
2025-04-02 20:28:18,510 - INFO - Loading data for: ['BAP']
2025-04-02 20:28:18,511 - INFO - Querying: 'BAP' for 'BAP'
2025-04-02 20:28:18,522 - INFO - Read 465 rows from 'BAP'
2025-04-02 20:28:18,523 - INFO - Concatenating loaded dataframes.
2025-04-02 20:28:18,524 - INFO - Combined df shape: (465, 19)
2025-04-02 20:28:19,371 - INFO - Found plants: ['BAP', 'SECI-III', 'SEMLI', 'UTT1', 'UTT2']
2025-04-02 20:28:19,372 - INFO - Loading data for: ['BAP']
2025-04-02 20:28:19,373 - INFO - Querying: 'BAP' for 'BAP'
2025-04-02 20:28:19,381 - INFO - Read 465 rows from 'BAP'
2025-04-02 20:28:19,384 - INFO - Concatenating loaded dataframes.
2025-04-02 20:28:19,385 - INFO - Combined df shape: (465, 19)
2025-04-02 20:28:20,725 - INFO - Found plants: ['BAP', 'SECI-III', 'SEMLI', 'UTT1', 'UTT2']
2025-04-02 20:28:20,726 - INFO - Loading data for: ['BAP']
2025-04-02 20:28:20,726 - INFO - Querying: 'BAP' for 'BAP'
2025-04-02 20:28:20,733 - INFO - Read 465 rows from 'BAP'
2025-04-02 20:28:20,734 - INFO - Concatenating loaded dataframes.
2025-04-02 20:28:20,735 - INFO - Combined df shape: (465, 19)
2025-04-02 20:28:27,499 - INFO - Found plants: ['BAP', 'SECI-III', 'SEMLI', 'UTT1', 'UTT2']
2025-04-02 20:28:27,502 - INFO - Loading data for: ['BAP']
2025-04-02 20:28:27,504 - INFO - Querying: 'BAP' for 'BAP'
2025-04-02 20:28:27,516 - INFO - Read 465 rows from 'BAP'
2025-04-02 20:28:27,518 - INFO - Concatenating loaded dataframes.
2025-04-02 20:28:27,520 - INFO - Combined df shape: (465, 19)
2025-04-02 20:28:30,383 - INFO - Found plants: ['BAP', 'SECI-III', 'SEMLI', 'UTT1', 'UTT2']
2025-04-02 20:28:30,385 - INFO - Loading data for: ['BAP']
2025-04-02 20:28:30,385 - INFO - Querying: 'BAP' for 'BAP'
2025-04-02 20:28:30,391 - INFO - Read 465 rows from 'BAP'
2025-04-02 20:28:30,393 - INFO - Concatenating loaded dataframes.
2025-04-02 20:28:30,395 - INFO - Combined df shape: (465, 19)
2025-04-02 20:30:26,020 - INFO - Found plants: ['BAP', 'SECI-III', 'SEMLI', 'UTT1', 'UTT2']
2025-04-02 20:30:27,700 - INFO - Found plants: ['BAP', 'SECI-III', 'SEMLI', 'UTT1', 'UTT2']
2025-04-02 20:30:27,701 - INFO - Loading data for: ['BAP']
2025-04-02 20:30:27,702 - INFO - Querying: 'BAP' for 'BAP'
2025-04-02 20:30:27,712 - INFO - Read 465 rows from 'BAP'
2025-04-02 20:30:27,713 - INFO - Concatenating loaded dataframes.
2025-04-02 20:30:27,714 - INFO - Combined df shape: (465, 19)
2025-04-02 20:30:29,474 - INFO - Found plants: ['BAP', 'SECI-III', 'SEMLI', 'UTT1', 'UTT2']
2025-04-02 20:30:29,476 - INFO - Loading data for: ['BAP']
2025-04-02 20:30:29,477 - INFO - Querying: 'BAP' for 'BAP'
2025-04-02 20:30:29,486 - INFO - Read 465 rows from 'BAP'
2025-04-02 20:30:29,490 - INFO - Concatenating loaded dataframes.
2025-04-02 20:30:29,492 - INFO - Combined df shape: (465, 19)
2025-04-02 20:30:29,916 - INFO - Found plants: ['BAP', 'SECI-III', 'SEMLI', 'UTT1', 'UTT2']
2025-04-02 20:30:29,917 - INFO - Loading data for: ['BAP']
2025-04-02 20:30:29,917 - INFO - Querying: 'BAP' for 'BAP'
2025-04-02 20:30:29,922 - INFO - Read 465 rows from 'BAP'
2025-04-02 20:30:29,923 - INFO - Concatenating loaded dataframes.
2025-04-02 20:30:29,924 - INFO - Combined df shape: (465, 19)
2025-04-02 20:30:36,880 - INFO - Found plants: ['BAP', 'SECI-III', 'SEMLI', 'UTT1', 'UTT2']
2025-04-02 20:30:36,881 - INFO - Loading data for: ['BAP']
2025-04-02 20:30:36,882 - INFO - Querying: 'BAP' for 'BAP'
2025-04-02 20:30:36,889 - INFO - Read 465 rows from 'BAP'
2025-04-02 20:30:36,890 - INFO - Concatenating loaded dataframes.
2025-04-02 20:30:36,892 - INFO - Combined df shape: (465, 19)
2025-04-02 20:30:41,145 - INFO - Found plants: ['BAP', 'SECI-III', 'SEMLI', 'UTT1', 'UTT2']
2025-04-02 20:30:41,147 - INFO - Loading data for: ['BAP']
2025-04-02 20:30:41,148 - INFO - Querying: 'BAP' for 'BAP'
2025-04-02 20:30:41,157 - INFO - Read 465 rows from 'BAP'
2025-04-02 20:30:41,159 - INFO - Concatenating loaded dataframes.
2025-04-02 20:30:41,162 - INFO - Combined df shape: (465, 19)
2025-04-02 20:30:44,058 - INFO - Found plants: ['BAP', 'SECI-III', 'SEMLI', 'UTT1', 'UTT2']
2025-04-02 20:30:44,059 - INFO - Loading data for: ['BAP']
2025-04-02 20:30:44,060 - INFO - Querying: 'BAP' for 'BAP'
2025-04-02 20:30:44,066 - INFO - Read 465 rows from 'BAP'
2025-04-02 20:30:44,067 - INFO - Concatenating loaded dataframes.
2025-04-02 20:30:44,068 - INFO - Combined df shape: (465, 19)
2025-04-02 20:32:21,259 - INFO - Found plants: ['BAP', 'SECI-III', 'SEMLI', 'UTT1', 'UTT2']
2025-04-02 20:32:23,587 - INFO - Found plants: ['BAP', 'SECI-III', 'SEMLI', 'UTT1', 'UTT2']
2025-04-02 20:32:23,590 - INFO - Loading data for: ['BAP']
2025-04-02 20:32:23,593 - INFO - Querying: 'BAP' for 'BAP'
2025-04-02 20:32:23,602 - INFO - Read 465 rows from 'BAP'
2025-04-02 20:32:23,604 - INFO - Concatenating loaded dataframes.
2025-04-02 20:32:23,605 - INFO - Combined df shape: (465, 19)
2025-04-02 20:32:25,653 - INFO - Found plants: ['BAP', 'SECI-III', 'SEMLI', 'UTT1', 'UTT2']
2025-04-02 20:32:25,655 - INFO - Loading data for: ['BAP']
2025-04-02 20:32:25,656 - INFO - Querying: 'BAP' for 'BAP'
2025-04-02 20:32:25,669 - INFO - Read 465 rows from 'BAP'
2025-04-02 20:32:25,671 - INFO - Concatenating loaded dataframes.
2025-04-02 20:32:25,673 - INFO - Combined df shape: (465, 19)
2025-04-02 20:32:28,269 - INFO - Found plants: ['BAP', 'SECI-III', 'SEMLI', 'UTT1', 'UTT2']
2025-04-02 20:32:28,271 - INFO - Loading data for: ['BAP']
2025-04-02 20:32:28,272 - INFO - Querying: 'BAP' for 'BAP'
2025-04-02 20:32:28,281 - INFO - Read 465 rows from 'BAP'
2025-04-02 20:32:28,283 - INFO - Concatenating loaded dataframes.
2025-04-02 20:32:28,284 - INFO - Combined df shape: (465, 19)
2025-04-02 20:32:28,875 - INFO - Found plants: ['BAP', 'SECI-III', 'SEMLI', 'UTT1', 'UTT2']
2025-04-02 20:32:28,878 - INFO - Loading data for: ['BAP']
2025-04-02 20:32:28,879 - INFO - Querying: 'BAP' for 'BAP'
2025-04-02 20:32:28,890 - INFO - Read 465 rows from 'BAP'
2025-04-02 20:32:28,893 - INFO - Concatenating loaded dataframes.
2025-04-02 20:32:28,899 - INFO - Combined df shape: (465, 19)
2025-04-02 20:32:32,067 - INFO - Found plants: ['BAP', 'SECI-III', 'SEMLI', 'UTT1', 'UTT2']
2025-04-02 20:32:32,069 - INFO - Loading data for: ['BAP']
2025-04-02 20:32:32,070 - INFO - Querying: 'BAP' for 'BAP'
2025-04-02 20:32:32,076 - INFO - Read 465 rows from 'BAP'
2025-04-02 20:32:32,078 - INFO - Concatenating loaded dataframes.
2025-04-02 20:32:32,079 - INFO - Combined df shape: (465, 19)
2025-04-02 20:32:34,176 - INFO - Found plants: ['BAP', 'SECI-III', 'SEMLI', 'UTT1', 'UTT2']
2025-04-02 20:32:34,179 - INFO - Loading data for: ['BAP']
2025-04-02 20:32:34,182 - INFO - Querying: 'BAP' for 'BAP'
2025-04-02 20:32:34,202 - INFO - Read 465 rows from 'BAP'
2025-04-02 20:32:34,207 - INFO - Concatenating loaded dataframes.
2025-04-02 20:32:34,210 - INFO - Combined df shape: (465, 19)
2025-04-02 20:32:36,479 - INFO - Found plants: ['BAP', 'SECI-III', 'SEMLI', 'UTT1', 'UTT2']
2025-04-02 20:32:36,481 - INFO - Loading data for: ['BAP']
2025-04-02 20:32:36,483 - INFO - Querying: 'BAP' for 'BAP'
2025-04-02 20:32:36,493 - INFO - Read 465 rows from 'BAP'
2025-04-02 20:32:36,494 - INFO - Concatenating loaded dataframes.
2025-04-02 20:32:36,495 - INFO - Combined df shape: (465, 19)
2025-04-02 20:33:30,097 - INFO - Found plants: ['BAP', 'SECI-III', 'SEMLI', 'UTT1', 'UTT2']
2025-04-02 20:33:30,100 - INFO - --- Streamlit App Execution Cycle End ---
2025-04-02 20:33:33,512 - INFO - Found plants: ['BAP', 'SECI-III', 'SEMLI', 'UTT1', 'UTT2']
2025-04-02 20:33:33,515 - INFO - Loading data for: ['BAP']
2025-04-02 20:33:33,517 - INFO - Querying: 'BAP' for 'BAP'
2025-04-02 20:33:33,529 - INFO - Read 465 rows from 'BAP'
2025-04-02 20:33:33,533 - INFO - Concatenating loaded dataframes.
2025-04-02 20:33:33,534 - INFO - Combined df shape: (465, 19)
2025-04-02 20:33:33,538 - INFO - --- Streamlit App Execution Cycle End ---
2025-04-02 20:33:35,897 - INFO - Found plants: ['BAP', 'SECI-III', 'SEMLI', 'UTT1', 'UTT2']
2025-04-02 20:33:35,900 - INFO - Loading data for: ['BAP']
2025-04-02 20:33:35,902 - INFO - Querying: 'BAP' for 'BAP'
2025-04-02 20:33:35,920 - INFO - Read 465 rows from 'BAP'
2025-04-02 20:33:35,928 - INFO - Concatenating loaded dataframes.
2025-04-02 20:33:35,932 - INFO - Combined df shape: (465, 19)
2025-04-02 20:33:35,949 - INFO - --- Streamlit App Execution Cycle End ---
2025-04-02 20:33:38,550 - INFO - Found plants: ['BAP', 'SECI-III', 'SEMLI', 'UTT1', 'UTT2']
2025-04-02 20:33:38,552 - INFO - Loading data for: ['BAP']
2025-04-02 20:33:38,554 - INFO - Querying: 'BAP' for 'BAP'
2025-04-02 20:33:38,570 - INFO - Read 465 rows from 'BAP'
2025-04-02 20:33:38,573 - INFO - Concatenating loaded dataframes.
2025-04-02 20:33:38,576 - INFO - Combined df shape: (465, 19)
2025-04-02 20:33:38,627 - INFO - --- Streamlit App Execution Cycle End ---
2025-04-02 20:33:39,121 - INFO - Found plants: ['BAP', 'SECI-III', 'SEMLI', 'UTT1', 'UTT2']
2025-04-02 20:33:39,122 - INFO - Loading data for: ['BAP']
2025-04-02 20:33:39,122 - INFO - Querying: 'BAP' for 'BAP'
2025-04-02 20:33:39,128 - INFO - Read 465 rows from 'BAP'
2025-04-02 20:33:39,130 - INFO - Concatenating loaded dataframes.
2025-04-02 20:33:39,132 - INFO - Combined df shape: (465, 19)
2025-04-02 20:33:39,229 - INFO - --- Streamlit App Execution Cycle End ---
2025-04-02 20:33:42,511 - INFO - Found plants: ['BAP', 'SECI-III', 'SEMLI', 'UTT1', 'UTT2']
2025-04-02 20:33:42,514 - INFO - Loading data for: ['BAP']
2025-04-02 20:33:42,516 - INFO - Querying: 'BAP' for 'BAP'
2025-04-02 20:33:42,533 - INFO - Read 465 rows from 'BAP'
2025-04-02 20:33:42,536 - INFO - Concatenating loaded dataframes.
2025-04-02 20:33:42,538 - INFO - Combined df shape: (465, 19)
2025-04-02 20:33:42,633 - INFO - --- Streamlit App Execution Cycle End ---
2025-04-02 20:33:44,330 - INFO - Found plants: ['BAP', 'SECI-III', 'SEMLI', 'UTT1', 'UTT2']
2025-04-02 20:33:44,333 - INFO - Loading data for: ['BAP']
2025-04-02 20:33:44,336 - INFO - Querying: 'BAP' for 'BAP'
2025-04-02 20:33:44,344 - INFO - Read 465 rows from 'BAP'
2025-04-02 20:33:44,346 - INFO - Concatenating loaded dataframes.
2025-04-02 20:33:44,347 - INFO - Combined df shape: (465, 19)
2025-04-02 20:33:44,467 - INFO - --- Streamlit App Execution Cycle End ---
2025-04-02 20:33:45,664 - INFO - Found plants: ['BAP', 'SECI-III', 'SEMLI', 'UTT1', 'UTT2']
2025-04-02 20:33:45,667 - INFO - Loading data for: ['BAP']
2025-04-02 20:33:45,669 - INFO - Querying: 'BAP' for 'BAP'
2025-04-02 20:33:45,682 - INFO - Read 465 rows from 'BAP'
2025-04-02 20:33:45,688 - INFO - Concatenating loaded dataframes.
2025-04-02 20:33:45,691 - INFO - Combined df shape: (465, 19)
2025-04-02 20:33:45,806 - INFO - --- Streamlit App Execution Cycle End ---
2025-04-02 22:04:45,797 - INFO - Found plants: ['BAP', 'SECI-III', 'SEMLI', 'UTT1', 'UTT2']
2025-04-02 22:04:45,843 - INFO - --- Streamlit App Execution Cycle End ---
2025-04-02 22:05:07,802 - INFO - Found plants: ['BAP', 'SECI-III', 'SEMLI', 'UTT1', 'UTT2']
2025-04-02 22:05:07,807 - INFO - Loading data for: ['BAP']
2025-04-02 22:05:07,808 - INFO - Querying: 'BAP' for 'BAP'
2025-04-02 22:05:07,831 - INFO - Read 465 rows from 'BAP'
2025-04-02 22:05:07,834 - INFO - Concatenating loaded dataframes.
2025-04-02 22:05:07,836 - INFO - Combined df shape: (465, 19)
2025-04-02 22:05:07,848 - INFO - --- Streamlit App Execution Cycle End ---
2025-04-02 22:05:10,089 - INFO - Found plants: ['BAP', 'SECI-III', 'SEMLI', 'UTT1', 'UTT2']
2025-04-02 22:05:10,101 - INFO - Loading data for: ['BAP']
2025-04-02 22:05:10,104 - INFO - Querying: 'BAP' for 'BAP'
2025-04-02 22:05:10,117 - INFO - Read 465 rows from 'BAP'
2025-04-02 22:05:10,120 - INFO - Concatenating loaded dataframes.
2025-04-02 22:05:10,122 - INFO - Combined df shape: (465, 19)
2025-04-02 22:05:10,135 - INFO - --- Streamlit App Execution Cycle End ---
2025-04-02 22:05:12,815 - INFO - Found plants: ['BAP', 'SECI-III', 'SEMLI', 'UTT1', 'UTT2']
2025-04-02 22:05:12,816 - INFO - Loading data for: ['BAP']
2025-04-02 22:05:12,817 - INFO - Querying: 'BAP' for 'BAP'
2025-04-02 22:05:12,832 - INFO - Read 465 rows from 'BAP'
2025-04-02 22:05:12,834 - INFO - Concatenating loaded dataframes.
2025-04-02 22:05:12,836 - INFO - Combined df shape: (465, 19)
2025-04-02 22:05:12,954 - INFO - --- Streamlit App Execution Cycle End ---
2025-04-02 22:05:16,353 - INFO - Found plants: ['BAP', 'SECI-III', 'SEMLI', 'UTT1', 'UTT2']
2025-04-02 22:05:16,354 - INFO - Loading data for: ['BAP']
2025-04-02 22:05:16,355 - INFO - Querying: 'BAP' for 'BAP'
2025-04-02 22:05:16,369 - INFO - Read 465 rows from 'BAP'
2025-04-02 22:05:16,394 - INFO - Concatenating loaded dataframes.
2025-04-02 22:05:16,397 - INFO - Combined df shape: (465, 19)
2025-04-02 22:05:16,492 - INFO - --- Streamlit App Execution Cycle End ---
2025-04-03 09:59:51,061 - INFO - Found plants: ['BAP', 'SECI-III', 'SEMLI', 'UTT1', 'UTT2']
2025-04-03 09:59:51,072 - INFO - --- Streamlit App Execution Cycle End ---
2025-04-03 10:03:25,230 - INFO - Found plants: ['BAP', 'SECI-III', 'SEMLI', 'UTT1', 'UTT2']
2025-04-03 10:03:25,235 - INFO - --- Streamlit App Execution Cycle End ---
2025-04-03 10:23:09,396 - INFO - Found plants: ['BAP', 'SECI-III', 'SEMLI', 'UTT1', 'UTT2', 'users']
2025-04-03 10:23:09,403 - INFO - --- Streamlit App Execution Cycle End ---
2025-04-03 11:00:36,956 - INFO - Found plants: ['BAP', 'SECI-III', 'SEMLI', 'UTT1', 'UTT2', 'users']
2025-04-03 11:00:37,067 - INFO - --- Streamlit App Execution Cycle End ---
2025-04-03 11:00:42,281 - INFO - Found plants: ['BAP', 'SECI-III', 'SEMLI', 'UTT1', 'UTT2', 'users']
2025-04-03 11:00:42,284 - INFO - Loading data for: ['BAP']
2025-04-03 11:00:42,285 - INFO - Querying: 'BAP' for 'BAP'
2025-04-03 11:00:42,319 - INFO - Read 465 rows from 'BAP'
2025-04-03 11:00:42,345 - INFO - Concatenating loaded dataframes.
2025-04-03 11:00:42,352 - INFO - Combined df shape: (465, 19)
2025-04-03 11:00:42,384 - INFO - --- Streamlit App Execution Cycle End ---
2025-04-03 11:00:46,133 - INFO - Found plants: ['BAP', 'SECI-III', 'SEMLI', 'UTT1', 'UTT2', 'users']
2025-04-03 11:00:46,134 - INFO - Loading data for: ['BAP']
2025-04-03 11:00:46,136 - INFO - Querying: 'BAP' for 'BAP'
2025-04-03 11:00:46,148 - INFO - Read 465 rows from 'BAP'
2025-04-03 11:00:46,151 - INFO - Concatenating loaded dataframes.
2025-04-03 11:00:46,154 - INFO - Combined df shape: (465, 19)
2025-04-03 11:00:46,170 - INFO - --- Streamlit App Execution Cycle End ---
2025-04-03 11:00:49,250 - INFO - Found plants: ['BAP', 'SECI-III', 'SEMLI', 'UTT1', 'UTT2', 'users']
2025-04-03 11:00:49,253 - INFO - Loading data for: ['BAP', 'SECI-III']
2025-04-03 11:00:49,254 - INFO - Querying: 'BAP' for 'BAP'
2025-04-03 11:00:49,295 - INFO - Read 465 rows from 'BAP'
2025-04-03 11:00:49,307 - INFO - Querying: 'SECI-III' for 'SECI-III'
2025-04-03 11:00:49,321 - INFO - Read 42 rows from 'SECI-III'
2025-04-03 11:00:49,331 - INFO - Concatenating loaded dataframes.
2025-04-03 11:00:49,374 - INFO - Combined df shape: (507, 27)
2025-04-03 11:00:49,419 - INFO - --- Streamlit App Execution Cycle End ---
2025-04-03 11:00:59,873 - INFO - Found plants: ['BAP', 'SECI-III', 'SEMLI', 'UTT1', 'UTT2', 'users']
2025-04-03 11:00:59,874 - INFO - Loading data for: ['BAP', 'SECI-III']
2025-04-03 11:00:59,875 - INFO - Querying: 'BAP' for 'BAP'
2025-04-03 11:00:59,885 - INFO - Read 465 rows from 'BAP'
2025-04-03 11:00:59,888 - INFO - Querying: 'SECI-III' for 'SECI-III'
2025-04-03 11:00:59,894 - INFO - Read 42 rows from 'SECI-III'
2025-04-03 11:00:59,897 - INFO - Concatenating loaded dataframes.
2025-04-03 11:00:59,903 - INFO - Combined df shape: (507, 27)
2025-04-03 11:01:00,898 - INFO - --- Streamlit App Execution Cycle End ---
2025-04-03 11:01:04,421 - INFO - Found plants: ['BAP', 'SECI-III', 'SEMLI', 'UTT1', 'UTT2', 'users']
2025-04-03 11:01:04,423 - INFO - Loading data for: ['BAP', 'SECI-III']
2025-04-03 11:01:04,427 - INFO - Querying: 'BAP' for 'BAP'
2025-04-03 11:01:04,444 - INFO - Read 465 rows from 'BAP'
2025-04-03 11:01:04,447 - INFO - Querying: 'SECI-III' for 'SECI-III'
2025-04-03 11:01:04,461 - INFO - Read 42 rows from 'SECI-III'
2025-04-03 11:01:04,465 - INFO - Concatenating loaded dataframes.
2025-04-03 11:01:04,479 - INFO - Combined df shape: (507, 27)
2025-04-03 11:01:04,681 - INFO - --- Streamlit App Execution Cycle End ---
2025-04-03 11:01:28,773 - INFO - Found plants: ['BAP', 'SECI-III', 'SEMLI', 'UTT1', 'UTT2', 'users']
2025-04-03 11:01:28,776 - INFO - Loading data for: ['BAP', 'SECI-III']
2025-04-03 11:01:28,778 - INFO - Querying: 'BAP' for 'BAP'
2025-04-03 11:01:28,795 - INFO - Read 465 rows from 'BAP'
2025-04-03 11:01:28,802 - INFO - Querying: 'SECI-III' for 'SECI-III'
2025-04-03 11:01:28,818 - INFO - Read 42 rows from 'SECI-III'
2025-04-03 11:01:28,824 - INFO - Concatenating loaded dataframes.
2025-04-03 11:01:28,844 - INFO - Combined df shape: (507, 27)
2025-04-03 11:01:28,990 - INFO - --- Streamlit App Execution Cycle End ---
2025-04-03 11:01:31,788 - INFO - Found plants: ['BAP', 'SECI-III', 'SEMLI', 'UTT1', 'UTT2', 'users']
2025-04-03 11:01:31,790 - INFO - Loading data for: ['BAP', 'SECI-III']
2025-04-03 11:01:31,791 - INFO - Querying: 'BAP' for 'BAP'
2025-04-03 11:01:31,803 - INFO - Read 465 rows from 'BAP'
2025-04-03 11:01:31,806 - INFO - Querying: 'SECI-III' for 'SECI-III'
2025-04-03 11:01:31,813 - INFO - Read 42 rows from 'SECI-III'
2025-04-03 11:01:31,816 - INFO - Concatenating loaded dataframes.
2025-04-03 11:01:31,825 - INFO - Combined df shape: (507, 27)
2025-04-03 11:01:32,104 - INFO - --- Streamlit App Execution Cycle End ---
2025-04-03 11:01:33,146 - INFO - Found plants: ['BAP', 'SECI-III', 'SEMLI', 'UTT1', 'UTT2', 'users']
2025-04-03 11:01:33,148 - INFO - Loading data for: ['BAP']
2025-04-03 11:01:33,149 - INFO - Querying: 'BAP' for 'BAP'
2025-04-03 11:01:33,160 - INFO - Read 465 rows from 'BAP'
2025-04-03 11:01:33,163 - INFO - Concatenating loaded dataframes.
2025-04-03 11:01:33,166 - INFO - Combined df shape: (465, 19)
2025-04-03 11:01:33,177 - INFO - --- Streamlit App Execution Cycle End ---
2025-04-03 11:01:36,602 - INFO - Found plants: ['BAP', 'SECI-III', 'SEMLI', 'UTT1', 'UTT2', 'users']
2025-04-03 11:01:36,604 - INFO - Loading data for: ['BAP']
2025-04-03 11:01:36,605 - INFO - Querying: 'BAP' for 'BAP'
2025-04-03 11:01:36,615 - INFO - Read 465 rows from 'BAP'
2025-04-03 11:01:36,618 - INFO - Concatenating loaded dataframes.
2025-04-03 11:01:36,620 - INFO - Combined df shape: (465, 19)
2025-04-03 11:01:36,706 - INFO - --- Streamlit App Execution Cycle End ---
2025-04-03 11:01:37,975 - INFO - Found plants: ['BAP', 'SECI-III', 'SEMLI', 'UTT1', 'UTT2', 'users']
2025-04-03 11:01:37,977 - INFO - Loading data for: ['BAP']
2025-04-03 11:01:37,978 - INFO - Querying: 'BAP' for 'BAP'
2025-04-03 11:01:37,991 - INFO - Read 465 rows from 'BAP'
2025-04-03 11:01:37,995 - INFO - Concatenating loaded dataframes.
2025-04-03 11:01:37,997 - INFO - Combined df shape: (465, 19)
2025-04-03 11:01:38,106 - INFO - --- Streamlit App Execution Cycle End ---
2025-04-03 11:01:42,733 - INFO - Found plants: ['BAP', 'SECI-III', 'SEMLI', 'UTT1', 'UTT2', 'users']
2025-04-03 11:01:42,736 - INFO - Loading data for: ['BAP']
2025-04-03 11:01:42,739 - INFO - Querying: 'BAP' for 'BAP'
2025-04-03 11:01:42,756 - INFO - Read 465 rows from 'BAP'
2025-04-03 11:01:42,761 - INFO - Concatenating loaded dataframes.
2025-04-03 11:01:42,763 - INFO - Combined df shape: (465, 19)
2025-04-03 11:01:42,982 - INFO - --- Streamlit App Execution Cycle End ---
2025-04-03 11:02:01,962 - INFO - Found plants: ['BAP', 'SECI-III', 'SEMLI', 'UTT1', 'UTT2', 'users']
2025-04-03 11:02:01,964 - INFO - Loading data for: ['BAP']
2025-04-03 11:02:01,965 - INFO - Querying: 'BAP' for 'BAP'
2025-04-03 11:02:01,978 - INFO - Read 465 rows from 'BAP'
2025-04-03 11:02:01,981 - INFO - Concatenating loaded dataframes.
2025-04-03 11:02:01,983 - INFO - Combined df shape: (465, 19)
2025-04-03 11:02:02,245 - INFO - --- Streamlit App Execution Cycle End ---
2025-04-03 11:02:12,368 - INFO - Found plants: ['BAP', 'SECI-III', 'SEMLI', 'UTT1', 'UTT2', 'users']
2025-04-03 11:02:12,373 - INFO - Loading data for: ['BAP']
2025-04-03 11:02:12,373 - INFO - Querying: 'BAP' for 'BAP'
2025-04-03 11:02:12,398 - INFO - Read 465 rows from 'BAP'
2025-04-03 11:02:12,410 - INFO - Concatenating loaded dataframes.
2025-04-03 11:02:12,421 - INFO - Combined df shape: (465, 19)
2025-04-03 11:02:12,815 - INFO - --- Streamlit App Execution Cycle End ---
2025-04-03 11:02:23,637 - INFO - Found plants: ['BAP', 'SECI-III', 'SEMLI', 'UTT1', 'UTT2', 'users']
2025-04-03 11:02:23,639 - INFO - Loading data for: ['BAP']
2025-04-03 11:02:23,640 - INFO - Querying: 'BAP' for 'BAP'
2025-04-03 11:02:23,652 - INFO - Read 465 rows from 'BAP'
2025-04-03 11:02:23,654 - INFO - Concatenating loaded dataframes.
2025-04-03 11:02:23,657 - INFO - Combined df shape: (465, 19)
2025-04-03 11:02:23,803 - INFO - --- Streamlit App Execution Cycle End ---
