2025-04-04 09:51:50,618 - INFO - IP: Component_Missing - Host: N/A - Message: User session started.
2025-04-04 09:51:51,934 - INFO - IP: Component_Missing - Host: N/A - Message: User session started.
2025-04-04 09:52:27,726 - WARNING - IP: Error - Host: Error - Message: Could not get IP from headers: 'headers'
2025-04-04 09:52:27,727 - INFO - IP: Header_Error - Host: N/A - Message: User session started.
2025-04-04 10:11:17,949 - WARNING - IP: Error - Host: Error - Message: Could not get IP from headers: 'headers'
2025-04-04 10:11:17,950 - INFO - IP: Header_Error - Host: N/A - Message: User session started.
2025-04-04 10:20:17,779 - WARNING - IP: Error - Host: Error - Message: Could not get IP: 'headers'
2025-04-04 10:20:17,779 - INFO - IP: Header_Error - Host: N/A - Message: User session started.
2025-04-04 10:30:05,338 - WARNING - IP: Error - Host: Error - Message: Could not get IP from headers: 'headers'
2025-04-04 10:30:05,338 - INFO - IP: Header_Error - Host: N/A - Message: User session started.
2025-04-04 10:32:48,444 - WARNING - IP: Error - Host: Error - Message: Could not get IP: 'headers'
2025-04-04 10:32:48,444 - INFO - IP: Header_Error - Host: N/A - Message: User  session started.
2025-04-04 10:36:25,946 - WARNING - IP: Error - Host: Error - Message: Could not get IP: 'headers'
2025-04-04 10:36:25,947 - INFO - IP: Header_Error - Host: N/A - Message: User  session started.
2025-04-04 10:36:58,706 - WARNING - IP: Error - Host: Error - Message: Could not get IP: 'headers'
2025-04-04 10:36:58,706 - INFO - IP: Header_Error - Host: N/A - Message: User  session started.
2025-04-04 10:41:19,300 - WARNING - IP: Error - Host: Error - Message: Could not get IP: 'headers'
2025-04-04 10:41:19,301 - INFO - IP: Header_Error - Host: N/A - Message: User  session started.
2025-04-04 10:51:25,425 - WARNING - IP: Error - Host: Error - Message: Could not get IP: 'headers'
2025-04-04 10:51:25,425 - INFO - IP: Header_Error - Host: N/A - Message: User   session started.
2025-04-04 11:02:36,683 - WARNING - IP: Error - Host: Error - Message: Could not get IP: 'headers'
2025-04-04 11:02:36,684 - INFO - IP: Header_Error - Host: N/A - Message: User    session started.
2025-04-04 11:14:11,259 - WARNING - IP: Error - Host: Error - Message: Could not get IP: 'headers'
2025-04-04 11:14:11,259 - INFO - IP: Header_Error - Host: N/A - Message: User     session started.
2025-04-04 11:16:57,884 - WARNING - IP: Error - Host: Error - Message: Could not get IP: 'headers'
2025-04-04 11:16:57,885 - INFO - IP: Header_Error - Host: N/A - Message: User     session started.
2025-04-04 11:17:21,484 - WARNING - IP: Error - Host: Error - Message: Could not get IP: 'headers'
2025-04-04 11:17:21,484 - INFO - IP: Header_Error - Host: N/A - Message: User     session started.
2025-04-04 11:27:52,149 - WARNING - IP: Error - Host: Error - Message: Could not get IP: 'headers'
2025-04-04 11:27:52,149 - INFO - IP: Header_Error - Host: N/A - Message: User     session started.
2025-04-04 12:23:57,357 - WARNING - IP: Error - Host: Error - Message: Could not get IP: 'headers'
2025-04-04 12:23:57,357 - INFO - IP: Header_Error - Host: N/A - Message: User     session started.
2025-04-04 12:26:20,861 - WARNING - IP: Error - Host: Error - Message: Could not get IP: 'headers'
2025-04-04 12:26:20,861 - INFO - IP: Header_Error - Host: N/A - Message: User     session started.
2025-04-04 12:29:06,140 - WARNING - IP: Error - Host: Error - Message: Could not get IP: 'headers'
2025-04-04 12:29:06,141 - INFO - IP: Header_Error - Host: N/A - Message: User     session started.
2025-04-04 13:06:32,686 - WARNING - IP: Error - Host: Error - Message: Could not get IP: 'headers'
2025-04-04 13:06:32,686 - INFO - IP: Header_Error - Host: N/A - Message: User     session started.
2025-04-07 09:53:41,604 - WARNING - IP: Error - Host: Error - Message: Could not get IP: 'headers'
2025-04-07 09:53:41,606 - INFO - IP: Header_Error - Host: N/A - Message: User     session started.
2025-04-07 09:54:05,904 - WARNING - IP: Error - Host: Error - Message: Could not get IP: 'headers'
2025-04-07 09:54:05,905 - INFO - IP: Header_Error - Host: N/A - Message: User     session started.
2025-04-07 09:54:18,201 - WARNING - IP: Error - Host: Error - Message: Could not get IP: 'headers'
2025-04-07 09:54:18,220 - INFO - IP: Header_Error - Host: N/A - Message: User     session started.
2025-04-07 09:54:39,588 - WARNING - IP: Error - Host: Error - Message: Could not get IP: 'headers'
2025-04-07 09:54:39,592 - INFO - IP: Header_Error - Host: N/A - Message: User     session started.
2025-04-07 09:57:23,986 - WARNING - IP: Error - Host: Error - Message: Could not get IP: 'headers'
2025-04-07 09:57:23,986 - INFO - IP: Header_Error - Host: N/A - Message: User     session started.
2025-04-07 09:57:28,216 - WARNING - IP: Error - Host: Error - Message: Could not get IP: 'headers'
2025-04-07 09:57:28,216 - INFO - IP: Header_Error - Host: N/A - Message: User     session started.
2025-04-07 10:06:39,143 - WARNING - IP: Error - Host: Error - Message: Could not get IP: 'headers'
2025-04-07 10:06:39,143 - INFO - IP: Header_Error - Host: N/A - Message: User      session started.
2025-04-07 10:12:34,191 - WARNING - IP: Error - Host: Error - Message: Could not get IP: 'headers'
2025-04-07 10:12:34,191 - INFO - IP: Header_Error - Host: N/A - Message: User     session started.
2025-04-07 10:21:47,445 - WARNING - IP: Error - Host: Error - Message: Could not get IP: 'headers'
2025-04-07 10:21:47,446 - INFO - IP: Header_Error - Host: N/A - Message: User      session started.
2025-04-07 10:32:44,339 - WARNING - IP: Error - Host: Error - Message: Could not get IP/Host: 'headers'
2025-04-07 10:32:44,339 - INFO - IP: Header_Error - Host: N/A - Message: User session started.
2025-04-07 10:32:54,200 - WARNING - IP: Error - Host: Error - Message: Could not get IP/Host: 'headers'
2025-04-07 10:32:54,200 - INFO - IP: Header_Error - Host: N/A - Message: User session started.
2025-04-07 10:57:16,015 - WARNING - IP: Error - Host: Error - Message: Could not get IP: 'headers'
2025-04-07 10:57:16,017 - INFO - IP: Header_Error - Host: N/A - Message: User     session started.
2025-04-07 11:24:14,106 - WARNING - IP: Error - Host: Error - Message: Could not get IP: 'headers'
2025-04-07 11:24:14,107 - INFO - IP: Header_Error - Host: N/A - Message: User     session started.
